[10603]Server started@01/03/2015 19:39:01
[10603]Initialization@Room 0
[44402]Server started@01/03/2015 19:41:29
[44402]Initialization@Room 0
[44402]Address already in use: Cannot bind@
[44402]java.net.DualStackPlainDatagramSocketImpl.socketBind(Native Method)
[44402]java.net.DualStackPlainDatagramSocketImpl.bind0(DualStackPlainDatagramSocketImpl.java:81)
[44402]java.net.AbstractPlainDatagramSocketImpl.bind(AbstractPlainDatagramSocketImpl.java:96)
[44402]java.net.DatagramSocket.bind(DatagramSocket.java:396)
[44402]java.net.DatagramSocket.<init>(DatagramSocket.java:251)
[44402]java.net.DatagramSocket.<init>(DatagramSocket.java:304)
[44402]java.net.DatagramSocket.<init>(DatagramSocket.java:276)
[44402]blockfighter.server.net.PacketReceiver.run(PacketReceiver.java:50)
[36677]Server started@01/03/2015 19:41:36
[36677]Initialization@Room 0
[12552]Server started@01/03/2015 19:42:30
[12552]Initialization@Room 0
[12552]Address already in use: Cannot bind@
[12552]java.net.DualStackPlainDatagramSocketImpl.socketBind(Native Method)
[12552]java.net.DualStackPlainDatagramSocketImpl.bind0(DualStackPlainDatagramSocketImpl.java:81)
[12552]java.net.AbstractPlainDatagramSocketImpl.bind(AbstractPlainDatagramSocketImpl.java:96)
[12552]java.net.DatagramSocket.bind(DatagramSocket.java:396)
[12552]java.net.DatagramSocket.<init>(DatagramSocket.java:251)
[12552]java.net.DatagramSocket.<init>(DatagramSocket.java:304)
[12552]java.net.DatagramSocket.<init>(DatagramSocket.java:276)
[12552]blockfighter.server.net.PacketReceiver.run(PacketReceiver.java:50)
[14285]Server started@01/03/2015 19:42:34
[14285]Initialization@Room 0
[46041]Server started@01/03/2015 19:42:43
[46041]Initialization@Room 0
[46041]Address already in use: Cannot bind@
[46041]java.net.DualStackPlainDatagramSocketImpl.socketBind(Native Method)
[46041]java.net.DualStackPlainDatagramSocketImpl.bind0(DualStackPlainDatagramSocketImpl.java:81)
[46041]java.net.AbstractPlainDatagramSocketImpl.bind(AbstractPlainDatagramSocketImpl.java:96)
[46041]java.net.DatagramSocket.bind(DatagramSocket.java:396)
[46041]java.net.DatagramSocket.<init>(DatagramSocket.java:251)
[46041]java.net.DatagramSocket.<init>(DatagramSocket.java:304)
[46041]java.net.DatagramSocket.<init>(DatagramSocket.java:276)
[46041]blockfighter.server.net.PacketReceiver.run(PacketReceiver.java:50)
[12558]Server started@01/03/2015 19:51:41
[12558]Initialization@Room 0
[46663]Server started@01/03/2015 19:54:56
[46663]Initialization@Room 0
[46663]Address already in use: Cannot bind@
[46663]java.net.DualStackPlainDatagramSocketImpl.socketBind(Native Method)
[46663]java.net.DualStackPlainDatagramSocketImpl.bind0(DualStackPlainDatagramSocketImpl.java:81)
[46663]java.net.AbstractPlainDatagramSocketImpl.bind(AbstractPlainDatagramSocketImpl.java:96)
[46663]java.net.DatagramSocket.bind(DatagramSocket.java:396)
[46663]java.net.DatagramSocket.<init>(DatagramSocket.java:251)
[46663]java.net.DatagramSocket.<init>(DatagramSocket.java:304)
[46663]java.net.DatagramSocket.<init>(DatagramSocket.java:276)
[46663]blockfighter.server.net.PacketReceiver.run(PacketReceiver.java:50)
[24907]Server started@01/03/2015 19:55:00
[24907]Initialization@Room 0
[46880]Server started@01/03/2015 19:58:24
[46880]Initialization@Room 0
[155]Server started@01/03/2015 19:59:55
[155]Initialization@Room 0
[155]Address already in use: Cannot bind@
[155]java.net.DualStackPlainDatagramSocketImpl.socketBind(Native Method)
[155]java.net.DualStackPlainDatagramSocketImpl.bind0(DualStackPlainDatagramSocketImpl.java:81)
[155]java.net.AbstractPlainDatagramSocketImpl.bind(AbstractPlainDatagramSocketImpl.java:96)
[155]java.net.DatagramSocket.bind(DatagramSocket.java:396)
[155]java.net.DatagramSocket.<init>(DatagramSocket.java:251)
[155]java.net.DatagramSocket.<init>(DatagramSocket.java:304)
[155]java.net.DatagramSocket.<init>(DatagramSocket.java:276)
[155]blockfighter.server.net.PacketReceiver.run(PacketReceiver.java:50)
[47038]Server started@01/03/2015 19:59:59
[47038]Initialization@Room 0
[37874]Server started@01/03/2015 20:09:31
[37874]Initialization@Room 0
[22980]Server started@01/03/2015 20:40:48
[22980]Initialization@Room 0
[22980]null@
[22980]blockfighter.server.entities.boss.Lightning.ProjAttack.<init>(ProjAttack.java:34)
[22980]blockfighter.server.entities.boss.Lightning.BossLightning.updateAI(BossLightning.java:191)
[22980]blockfighter.server.entities.boss.Lightning.BossLightning.update(BossLightning.java:78)
[22980]blockfighter.server.entities.boss.Boss.run(Boss.java:201)
[22980]java.util.concurrent.ThreadPoolExecutor.runWorker(ThreadPoolExecutor.java:1145)
[22980]java.util.concurrent.ThreadPoolExecutor$Worker.run(ThreadPoolExecutor.java:615)
[22980]java.lang.Thread.run(Thread.java:745)
[22980]null@
[22980]blockfighter.server.entities.boss.Lightning.ProjAttack.<init>(ProjAttack.java:34)
[22980]blockfighter.server.entities.boss.Lightning.BossLightning.updateAI(BossLightning.java:191)
[22980]blockfighter.server.entities.boss.Lightning.BossLightning.update(BossLightning.java:78)
[22980]blockfighter.server.entities.boss.Boss.run(Boss.java:201)
[22980]java.util.concurrent.ThreadPoolExecutor.runWorker(ThreadPoolExecutor.java:1145)
[22980]java.util.concurrent.ThreadPoolExecutor$Worker.run(ThreadPoolExecutor.java:615)
[22980]java.lang.Thread.run(Thread.java:745)
[22980]null@
[22980]blockfighter.server.entities.boss.Lightning.ProjAttack.<init>(ProjAttack.java:34)
[22980]blockfighter.server.entities.boss.Lightning.BossLightning.updateAI(BossLightning.java:191)
[22980]blockfighter.server.entities.boss.Lightning.BossLightning.update(BossLightning.java:78)
[22980]blockfighter.server.entities.boss.Boss.run(Boss.java:201)
[22980]java.util.concurrent.ThreadPoolExecutor.runWorker(ThreadPoolExecutor.java:1145)
[22980]java.util.concurrent.ThreadPoolExecutor$Worker.run(ThreadPoolExecutor.java:615)
[22980]java.lang.Thread.run(Thread.java:745)
[7652]Server started@01/03/2015 20:42:20
[7652]Initialization@Room 0
[15773]Server started@01/03/2015 20:44:34
[15773]Initialization@Room 0
[15773]Address already in use: Cannot bind@
[15773]java.net.DualStackPlainDatagramSocketImpl.socketBind(Native Method)
[15773]java.net.DualStackPlainDatagramSocketImpl.bind0(DualStackPlainDatagramSocketImpl.java:81)
[15773]java.net.AbstractPlainDatagramSocketImpl.bind(AbstractPlainDatagramSocketImpl.java:96)
[15773]java.net.DatagramSocket.bind(DatagramSocket.java:396)
[15773]java.net.DatagramSocket.<init>(DatagramSocket.java:251)
[15773]java.net.DatagramSocket.<init>(DatagramSocket.java:304)
[15773]java.net.DatagramSocket.<init>(DatagramSocket.java:276)
[15773]blockfighter.server.net.PacketReceiver.run(PacketReceiver.java:50)
[45109]Server started@01/03/2015 20:44:40
[45109]Initialization@Room 0
[45109]Address already in use: Cannot bind@
[45109]java.net.DualStackPlainDatagramSocketImpl.socketBind(Native Method)
[45109]java.net.DualStackPlainDatagramSocketImpl.bind0(DualStackPlainDatagramSocketImpl.java:81)
[45109]java.net.AbstractPlainDatagramSocketImpl.bind(AbstractPlainDatagramSocketImpl.java:96)
[45109]java.net.DatagramSocket.bind(DatagramSocket.java:396)
[45109]java.net.DatagramSocket.<init>(DatagramSocket.java:251)
[45109]java.net.DatagramSocket.<init>(DatagramSocket.java:304)
[45109]java.net.DatagramSocket.<init>(DatagramSocket.java:276)
[45109]blockfighter.server.net.PacketReceiver.run(PacketReceiver.java:50)
[21578]Server started@01/03/2015 21:23:45
[21578]Initialization@Room 0
[7373]Server started@01/03/2015 21:24:16
[7373]Initialization@Room 0
[1523]Server started@01/03/2015 21:25:24
[1523]Initialization@Room 0
[2776]Server started@01/03/2015 21:26:03
[2776]Initialization@Room 0
[48679]Server started@01/03/2015 21:27:15
[48679]Initialization@Room 0
[48679]null@
[48679]blockfighter.server.entities.boss.Lightning.BossLightning.nextAIstate(BossLightning.java:119)
[48679]blockfighter.server.entities.boss.Lightning.BossLightning.updateAI(BossLightning.java:152)
[48679]blockfighter.server.entities.boss.Lightning.BossLightning.update(BossLightning.java:78)
[48679]blockfighter.server.entities.boss.Boss.run(Boss.java:200)
[48679]java.util.concurrent.ThreadPoolExecutor.runWorker(ThreadPoolExecutor.java:1145)
[48679]java.util.concurrent.ThreadPoolExecutor$Worker.run(ThreadPoolExecutor.java:615)
[48679]java.lang.Thread.run(Thread.java:745)
[1438]Server started@01/03/2015 21:28:53
[1438]Initialization@Room 0
[1438]null@
[1438]blockfighter.server.entities.boss.Lightning.BossLightning.nextAIstate(BossLightning.java:129)
[1438]blockfighter.server.entities.boss.Lightning.BossLightning.updateAI(BossLightning.java:152)
[1438]blockfighter.server.entities.boss.Lightning.BossLightning.update(BossLightning.java:78)
[1438]blockfighter.server.entities.boss.Boss.run(Boss.java:200)
[1438]java.util.concurrent.ThreadPoolExecutor.runWorker(ThreadPoolExecutor.java:1145)
[1438]java.util.concurrent.ThreadPoolExecutor$Worker.run(ThreadPoolExecutor.java:615)
[1438]java.lang.Thread.run(Thread.java:745)
[48815]Server started@01/03/2015 21:30:34
[48815]Initialization@Room 0
[48815]Address already in use: Cannot bind@
[48815]java.net.DualStackPlainDatagramSocketImpl.socketBind(Native Method)
[48815]java.net.DualStackPlainDatagramSocketImpl.bind0(DualStackPlainDatagramSocketImpl.java:81)
[48815]java.net.AbstractPlainDatagramSocketImpl.bind(AbstractPlainDatagramSocketImpl.java:96)
[48815]java.net.DatagramSocket.bind(DatagramSocket.java:396)
[48815]java.net.DatagramSocket.<init>(DatagramSocket.java:251)
[48815]java.net.DatagramSocket.<init>(DatagramSocket.java:304)
[48815]java.net.DatagramSocket.<init>(DatagramSocket.java:276)
[48815]blockfighter.server.net.PacketReceiver.run(PacketReceiver.java:50)
[8614]Server started@01/03/2015 21:30:38
[8614]Initialization@Room 0
[39168]Server started@01/03/2015 21:33:02
[39168]Initialization@Room 0
[39168]null@
[39168]blockfighter.server.entities.boss.Lightning.BossLightning.nextAIstate(BossLightning.java:129)
[39168]blockfighter.server.entities.boss.Lightning.BossLightning.updateAI(BossLightning.java:152)
[39168]blockfighter.server.entities.boss.Lightning.BossLightning.update(BossLightning.java:78)
[39168]blockfighter.server.entities.boss.Boss.run(Boss.java:200)
[39168]java.util.concurrent.ThreadPoolExecutor.runWorker(ThreadPoolExecutor.java:1145)
[39168]java.util.concurrent.ThreadPoolExecutor$Worker.run(ThreadPoolExecutor.java:615)
[39168]java.lang.Thread.run(Thread.java:745)
[39168]null@
[39168]blockfighter.server.entities.boss.Lightning.BossLightning.nextAIstate(BossLightning.java:129)
[39168]blockfighter.server.entities.boss.Lightning.BossLightning.updateAI(BossLightning.java:152)
[39168]blockfighter.server.entities.boss.Lightning.BossLightning.update(BossLightning.java:78)
[39168]blockfighter.server.entities.boss.Boss.run(Boss.java:200)
[39168]java.util.concurrent.ThreadPoolExecutor.runWorker(ThreadPoolExecutor.java:1145)
[39168]java.util.concurrent.ThreadPoolExecutor$Worker.run(ThreadPoolExecutor.java:615)
[39168]java.lang.Thread.run(Thread.java:745)
[47775]Server started@01/03/2015 21:37:41
[47775]Initialization@Room 0
[47775]Address already in use: Cannot bind@
[47775]java.net.DualStackPlainDatagramSocketImpl.socketBind(Native Method)
[47775]java.net.DualStackPlainDatagramSocketImpl.bind0(DualStackPlainDatagramSocketImpl.java:81)
[47775]java.net.AbstractPlainDatagramSocketImpl.bind(AbstractPlainDatagramSocketImpl.java:96)
[47775]java.net.DatagramSocket.bind(DatagramSocket.java:396)
[47775]java.net.DatagramSocket.<init>(DatagramSocket.java:251)
[47775]java.net.DatagramSocket.<init>(DatagramSocket.java:304)
[47775]java.net.DatagramSocket.<init>(DatagramSocket.java:276)
[47775]blockfighter.server.net.PacketReceiver.run(PacketReceiver.java:50)
[36026]Server started@01/03/2015 21:37:44
[36026]Initialization@Room 0
[9128]Server started@01/03/2015 21:42:12
[9128]Initialization@Room 0
[41506]Server started@01/03/2015 21:42:55
[41506]Initialization@Room 0
[47217]Server started@01/03/2015 21:44:07
[47217]Initialization@Room 0
[10629]Server started@01/03/2015 21:46:14
[10629]Initialization@Room 0
[34127]Server started@01/03/2015 21:48:35
[34127]Initialization@Room 0
[3906]Server started@01/03/2015 21:48:56
[3906]Initialization@Room 0
[37355]Server started@01/03/2015 21:50:43
[37355]Initialization@Room 0
[37355]Address already in use: Cannot bind@
[37355]java.net.DualStackPlainDatagramSocketImpl.socketBind(Native Method)
[37355]java.net.DualStackPlainDatagramSocketImpl.bind0(DualStackPlainDatagramSocketImpl.java:81)
[37355]java.net.AbstractPlainDatagramSocketImpl.bind(AbstractPlainDatagramSocketImpl.java:96)
[37355]java.net.DatagramSocket.bind(DatagramSocket.java:396)
[37355]java.net.DatagramSocket.<init>(DatagramSocket.java:251)
[37355]java.net.DatagramSocket.<init>(DatagramSocket.java:304)
[37355]java.net.DatagramSocket.<init>(DatagramSocket.java:276)
[37355]blockfighter.server.net.PacketReceiver.run(PacketReceiver.java:50)
[29902]Server started@01/03/2015 21:50:47
[29902]Initialization@Room 0
[28321]Server started@01/03/2015 21:51:37
[28321]Initialization@Room 0
[28321]Address already in use: Cannot bind@
[28321]java.net.DualStackPlainDatagramSocketImpl.socketBind(Native Method)
[28321]java.net.DualStackPlainDatagramSocketImpl.bind0(DualStackPlainDatagramSocketImpl.java:81)
[28321]java.net.AbstractPlainDatagramSocketImpl.bind(AbstractPlainDatagramSocketImpl.java:96)
[28321]java.net.DatagramSocket.bind(DatagramSocket.java:396)
[28321]java.net.DatagramSocket.<init>(DatagramSocket.java:251)
[28321]java.net.DatagramSocket.<init>(DatagramSocket.java:304)
[28321]java.net.DatagramSocket.<init>(DatagramSocket.java:276)
[28321]blockfighter.server.net.PacketReceiver.run(PacketReceiver.java:50)
[11305]Server started@01/03/2015 21:51:40
[11305]Initialization@Room 0
[41335]Server started@01/03/2015 22:01:58
[41335]Initialization@Room 0
[41335]Address already in use: Cannot bind@
[41335]java.net.DualStackPlainDatagramSocketImpl.socketBind(Native Method)
[41335]java.net.DualStackPlainDatagramSocketImpl.bind0(DualStackPlainDatagramSocketImpl.java:81)
[41335]java.net.AbstractPlainDatagramSocketImpl.bind(AbstractPlainDatagramSocketImpl.java:96)
[41335]java.net.DatagramSocket.bind(DatagramSocket.java:396)
[41335]java.net.DatagramSocket.<init>(DatagramSocket.java:251)
[41335]java.net.DatagramSocket.<init>(DatagramSocket.java:304)
[41335]java.net.DatagramSocket.<init>(DatagramSocket.java:276)
[41335]blockfighter.server.net.PacketReceiver.run(PacketReceiver.java:50)
[30366]Server started@01/03/2015 22:02:06
[30366]Initialization@Room 0
[9226]Server started@01/03/2015 22:02:10
[9226]Initialization@Room 0
[9226]Address already in use: Cannot bind@
[9226]java.net.DualStackPlainDatagramSocketImpl.socketBind(Native Method)
[9226]java.net.DualStackPlainDatagramSocketImpl.bind0(DualStackPlainDatagramSocketImpl.java:81)
[9226]java.net.AbstractPlainDatagramSocketImpl.bind(AbstractPlainDatagramSocketImpl.java:96)
[9226]java.net.DatagramSocket.bind(DatagramSocket.java:396)
[9226]java.net.DatagramSocket.<init>(DatagramSocket.java:251)
[9226]java.net.DatagramSocket.<init>(DatagramSocket.java:304)
[9226]java.net.DatagramSocket.<init>(DatagramSocket.java:276)
[9226]blockfighter.server.net.PacketReceiver.run(PacketReceiver.java:50)
[44106]Server started@01/03/2015 22:08:42
[44106]Initialization@Room 0
[44106]Address already in use: Cannot bind@
[44106]java.net.DualStackPlainDatagramSocketImpl.socketBind(Native Method)
[44106]java.net.DualStackPlainDatagramSocketImpl.bind0(DualStackPlainDatagramSocketImpl.java:81)
[44106]java.net.AbstractPlainDatagramSocketImpl.bind(AbstractPlainDatagramSocketImpl.java:96)
[44106]java.net.DatagramSocket.bind(DatagramSocket.java:396)
[44106]java.net.DatagramSocket.<init>(DatagramSocket.java:251)
[44106]java.net.DatagramSocket.<init>(DatagramSocket.java:304)
[44106]java.net.DatagramSocket.<init>(DatagramSocket.java:276)
[44106]blockfighter.server.net.PacketReceiver.run(PacketReceiver.java:50)
[33931]Server started@01/03/2015 22:08:45
[33931]Initialization@Room 0
[38991]Server started@01/03/2015 22:08:49
[38991]Initialization@Room 0
[38991]Address already in use: Cannot bind@
[38991]java.net.DualStackPlainDatagramSocketImpl.socketBind(Native Method)
[38991]java.net.DualStackPlainDatagramSocketImpl.bind0(DualStackPlainDatagramSocketImpl.java:81)
[38991]java.net.AbstractPlainDatagramSocketImpl.bind(AbstractPlainDatagramSocketImpl.java:96)
[38991]java.net.DatagramSocket.bind(DatagramSocket.java:396)
[38991]java.net.DatagramSocket.<init>(DatagramSocket.java:251)
[38991]java.net.DatagramSocket.<init>(DatagramSocket.java:304)
[38991]java.net.DatagramSocket.<init>(DatagramSocket.java:276)
[38991]blockfighter.server.net.PacketReceiver.run(PacketReceiver.java:50)
[8893]Server started@01/03/2015 22:09:59
[8893]Initialization@Room 0
[29996]Server started@01/03/2015 22:12:54
[29996]Initialization@Room 0
[29996]Address already in use: Cannot bind@
[29996]java.net.DualStackPlainDatagramSocketImpl.socketBind(Native Method)
[29996]java.net.DualStackPlainDatagramSocketImpl.bind0(DualStackPlainDatagramSocketImpl.java:81)
[29996]java.net.AbstractPlainDatagramSocketImpl.bind(AbstractPlainDatagramSocketImpl.java:96)
[29996]java.net.DatagramSocket.bind(DatagramSocket.java:396)
[29996]java.net.DatagramSocket.<init>(DatagramSocket.java:251)
[29996]java.net.DatagramSocket.<init>(DatagramSocket.java:304)
[29996]java.net.DatagramSocket.<init>(DatagramSocket.java:276)
[29996]blockfighter.server.net.PacketReceiver.run(PacketReceiver.java:50)
[43975]Server started@01/03/2015 22:12:58
[43975]Initialization@Room 0
[21464]Server started@01/03/2015 22:21:23
[21464]Initialization@Room 0
[14664]Server started@01/03/2015 22:21:55
[14664]Initialization@Room 0
[32306]Server started@01/03/2015 22:23:26
[32306]Initialization@Room 0
[16939]Server started@01/03/2015 22:24:37
[16939]Initialization@Room 0
[1177]Server started@01/03/2015 22:25:51
[1177]Initialization@Room 0
[37438]Server started@01/03/2015 22:26:57
[37438]Initialization@Room 0
[6914]Server started@01/03/2015 22:33:59
[6914]Initialization@Room 0
[35299]Server started@01/03/2015 22:35:47
[35299]Initialization@Room 0
[35299]Address already in use: Cannot bind@
[35299]java.net.DualStackPlainDatagramSocketImpl.socketBind(Native Method)
[35299]java.net.DualStackPlainDatagramSocketImpl.bind0(DualStackPlainDatagramSocketImpl.java:81)
[35299]java.net.AbstractPlainDatagramSocketImpl.bind(AbstractPlainDatagramSocketImpl.java:96)
[35299]java.net.DatagramSocket.bind(DatagramSocket.java:396)
[35299]java.net.DatagramSocket.<init>(DatagramSocket.java:251)
[35299]java.net.DatagramSocket.<init>(DatagramSocket.java:304)
[35299]java.net.DatagramSocket.<init>(DatagramSocket.java:276)
[35299]blockfighter.server.net.PacketReceiver.run(PacketReceiver.java:50)
[41855]Server started@01/03/2015 22:35:50
[41855]Initialization@Room 0
[21153]Server started@01/03/2015 22:36:02
[21153]Initialization@Room 0
[1718]Server started@01/03/2015 22:37:52
[1718]Initialization@Room 0
[16481]Server started@01/03/2015 22:42:29
[16481]Initialization@Room 0
[43282]Server started@01/03/2015 22:44:20
[43282]Initialization@Room 0
[43587]Server started@01/03/2015 22:50:50
[43587]Initialization@Room 0
[27079]Server started@01/03/2015 22:50:59
[27079]Initialization@Room 0
[27079]Initialization@Room 1
[27079]Initialization@Room 2
[27079]Initialization@Room 3
[27079]Initialization@Room 4
[27079]Initialization@Room 5
[27079]Initialization@Room 6
[27079]Initialization@Room 7
[27079]Initialization@Room 8
[27079]Initialization@Room 9
[27079]Initialization@Room 10
[27079]Initialization@Room 11
[27079]Initialization@Room 12
[27079]Initialization@Room 13
[27079]Initialization@Room 14
[27079]Initialization@Room 15
[27079]Initialization@Room 16
[27079]Initialization@Room 17
[27079]Initialization@Room 18
[27079]Initialization@Room 19
[27079]Initialization@Room 20
[27079]Initialization@Room 21
[27079]Initialization@Room 22
[27079]Initialization@Room 23
[27079]Initialization@Room 24
[27079]Initialization@Room 25
[27079]Initialization@Room 26
[27079]Initialization@Room 27
[27079]Initialization@Room 28
[27079]Initialization@Room 29
[27079]Initialization@Room 30
[27079]Initialization@Room 31
[27079]Initialization@Room 32
[27079]Initialization@Room 33
[27079]Initialization@Room 34
[27079]Initialization@Room 35
[27079]Initialization@Room 36
[27079]Initialization@Room 37
[27079]Initialization@Room 38
[27079]Initialization@Room 39
[27079]Initialization@Room 40
[27079]Initialization@Room 41
[27079]Initialization@Room 42
[27079]Initialization@Room 43
[27079]Initialization@Room 44
[27079]Initialization@Room 45
[27079]Initialization@Room 46
[27079]Initialization@Room 47
[27079]Initialization@Room 48
[27079]Initialization@Room 49
[27079]Initialization@Room 50
[27079]Initialization@Room 51
[27079]Initialization@Room 52
[27079]Initialization@Room 53
[27079]Initialization@Room 54
[27079]Initialization@Room 55
[27079]Initialization@Room 56
[27079]Initialization@Room 57
[27079]Initialization@Room 58
[27079]Initialization@Room 59
[27079]Initialization@Room 60
[27079]Initialization@Room 61
[27079]Initialization@Room 62
[27079]Initialization@Room 63
[27079]Initialization@Room 64
[27079]Initialization@Room 65
[27079]Initialization@Room 66
[27079]Initialization@Room 67
[27079]Initialization@Room 68
[27079]Initialization@Room 69
[27079]Initialization@Room 70
[27079]Initialization@Room 71
[27079]Initialization@Room 72
[27079]Initialization@Room 73
[27079]Initialization@Room 74
[27079]Initialization@Room 75
[27079]Initialization@Room 76
[27079]Initialization@Room 77
[27079]Initialization@Room 78
[27079]Initialization@Room 79
[27079]Initialization@Room 80
[27079]Initialization@Room 81
[27079]Initialization@Room 82
[27079]Initialization@Room 83
[27079]Initialization@Room 84
[27079]Initialization@Room 85
[27079]Initialization@Room 86
[27079]Initialization@Room 87
[27079]Initialization@Room 88
[27079]Initialization@Room 89
[27079]Initialization@Room 90
[27079]Initialization@Room 91
[27079]Initialization@Room 92
[27079]Initialization@Room 93
[27079]Initialization@Room 94
[27079]Initialization@Room 95
[27079]Initialization@Room 96
[27079]Initialization@Room 97
[27079]Initialization@Room 98
[27079]Initialization@Room 99
[17649]Server started@01/03/2015 22:52:58
[17649]Initialization@Room 0
[17649]Initialization@Room 1
[17649]Initialization@Room 2
[17649]Initialization@Room 3
[17649]Initialization@Room 4
[17649]Initialization@Room 5
[17649]Initialization@Room 6
[17649]Initialization@Room 7
[17649]Initialization@Room 8
[17649]Initialization@Room 9
[17649]Initialization@Room 10
[17649]Initialization@Room 11
[17649]Initialization@Room 12
[17649]Initialization@Room 13
[17649]Initialization@Room 14
[17649]Initialization@Room 15
[17649]Initialization@Room 16
[17649]Initialization@Room 17
[17649]Initialization@Room 18
[17649]Initialization@Room 19
[17649]Initialization@Room 20
[17649]Initialization@Room 21
[17649]Initialization@Room 22
[17649]Initialization@Room 23
[17649]Initialization@Room 24
[17649]Initialization@Room 25
[17649]Initialization@Room 26
[17649]Initialization@Room 27
[17649]Initialization@Room 28
[17649]Initialization@Room 29
[17649]Initialization@Room 30
[17649]Initialization@Room 31
[17649]Initialization@Room 32
[17649]Initialization@Room 33
[17649]Initialization@Room 34
[17649]Initialization@Room 35
[17649]Initialization@Room 36
[17649]Initialization@Room 37
[17649]Initialization@Room 38
[17649]Initialization@Room 39
[17649]Initialization@Room 40
[17649]Initialization@Room 41
[17649]Initialization@Room 42
[17649]Initialization@Room 43
[17649]Initialization@Room 44
[17649]Initialization@Room 45
[17649]Initialization@Room 46
[17649]Initialization@Room 47
[17649]Initialization@Room 48
[17649]Initialization@Room 49
[17649]Initialization@Room 50
[17649]Initialization@Room 51
[17649]Initialization@Room 52
[17649]Initialization@Room 53
[17649]Initialization@Room 54
[17649]Initialization@Room 55
[17649]Initialization@Room 56
[17649]Initialization@Room 57
[17649]Initialization@Room 58
[17649]Initialization@Room 59
[17649]Initialization@Room 60
[17649]Initialization@Room 61
[17649]Initialization@Room 62
[17649]Initialization@Room 63
[17649]Initialization@Room 64
[17649]Initialization@Room 65
[17649]Initialization@Room 66
[17649]Initialization@Room 67
[17649]Initialization@Room 68
[17649]Initialization@Room 69
[17649]Initialization@Room 70
[17649]Initialization@Room 71
[17649]Initialization@Room 72
[17649]Initialization@Room 73
[17649]Initialization@Room 74
[17649]Initialization@Room 75
[17649]Initialization@Room 76
[17649]Initialization@Room 77
[17649]Initialization@Room 78
[17649]Initialization@Room 79
[17649]Initialization@Room 80
[17649]Initialization@Room 81
[17649]Initialization@Room 82
[17649]Initialization@Room 83
[17649]Initialization@Room 84
[17649]Initialization@Room 85
[17649]Initialization@Room 86
[17649]Initialization@Room 87
[17649]Initialization@Room 88
[17649]Initialization@Room 89
[17649]Initialization@Room 90
[17649]Initialization@Room 91
[17649]Initialization@Room 92
[17649]Initialization@Room 93
[17649]Initialization@Room 94
[17649]Initialization@Room 95
[17649]Initialization@Room 96
[17649]Initialization@Room 97
[17649]Initialization@Room 98
[17649]Initialization@Room 99
[101]Server started@01/03/2015 22:54:17
[101]Initialization@Room 0
[101]Initialization@Room 1
[101]Initialization@Room 2
[101]Initialization@Room 3
[101]Initialization@Room 4
[101]Initialization@Room 5
[101]Initialization@Room 6
[101]Initialization@Room 7
[101]Initialization@Room 8
[101]Initialization@Room 9
[101]Initialization@Room 10
[101]Initialization@Room 11
[101]Initialization@Room 12
[101]Initialization@Room 13
[101]Initialization@Room 14
[101]Initialization@Room 15
[101]Initialization@Room 16
[101]Initialization@Room 17
[101]Initialization@Room 18
[101]Initialization@Room 19
[101]Initialization@Room 20
[101]Initialization@Room 21
[101]Initialization@Room 22
[101]Initialization@Room 23
[101]Initialization@Room 24
[101]Initialization@Room 25
[101]Initialization@Room 26
[101]Initialization@Room 27
[101]Initialization@Room 28
[101]Initialization@Room 29
[101]Initialization@Room 30
[101]Initialization@Room 31
[101]Initialization@Room 32
[101]Initialization@Room 33
[101]Initialization@Room 34
[101]Initialization@Room 35
[101]Initialization@Room 36
[101]Initialization@Room 37
[101]Initialization@Room 38
[101]Initialization@Room 39
[101]Initialization@Room 40
[101]Initialization@Room 41
[101]Initialization@Room 42
[101]Initialization@Room 43
[101]Initialization@Room 44
[101]Initialization@Room 45
[101]Initialization@Room 46
[101]Initialization@Room 47
[101]Initialization@Room 48
[101]Initialization@Room 49
[101]Initialization@Room 50
[101]Initialization@Room 51
[101]Initialization@Room 52
[101]Initialization@Room 53
[101]Initialization@Room 54
[101]Initialization@Room 55
[101]Initialization@Room 56
[101]Initialization@Room 57
[101]Initialization@Room 58
[101]Initialization@Room 59
[101]Initialization@Room 60
[101]Initialization@Room 61
[101]Initialization@Room 62
[101]Initialization@Room 63
[101]Initialization@Room 64
[101]Initialization@Room 65
[101]Initialization@Room 66
[101]Initialization@Room 67
[101]Initialization@Room 68
[101]Initialization@Room 69
[101]Initialization@Room 70
[101]Initialization@Room 71
[101]Initialization@Room 72
[101]Initialization@Room 73
[101]Initialization@Room 74
[101]Initialization@Room 75
[101]Initialization@Room 76
[101]Initialization@Room 77
[101]Initialization@Room 78
[101]Initialization@Room 79
[101]Initialization@Room 80
[101]Initialization@Room 81
[101]Initialization@Room 82
[101]Initialization@Room 83
[101]Initialization@Room 84
[101]Initialization@Room 85
[101]Initialization@Room 86
[101]Initialization@Room 87
[101]Initialization@Room 88
[101]Initialization@Room 89
[101]Initialization@Room 90
[101]Initialization@Room 91
[101]Initialization@Room 92
[101]Initialization@Room 93
[101]Initialization@Room 94
[101]Initialization@Room 95
[101]Initialization@Room 96
[101]Initialization@Room 97
[101]Initialization@Room 98
[101]Initialization@Room 99
[101]Address already in use: Cannot bind@
[101]java.net.DualStackPlainDatagramSocketImpl.socketBind(Native Method)
[101]java.net.DualStackPlainDatagramSocketImpl.bind0(DualStackPlainDatagramSocketImpl.java:81)
[101]java.net.AbstractPlainDatagramSocketImpl.bind(AbstractPlainDatagramSocketImpl.java:96)
[101]java.net.DatagramSocket.bind(DatagramSocket.java:396)
[101]java.net.DatagramSocket.<init>(DatagramSocket.java:251)
[101]java.net.DatagramSocket.<init>(DatagramSocket.java:304)
[101]java.net.DatagramSocket.<init>(DatagramSocket.java:276)
[101]blockfighter.server.net.PacketReceiver.run(PacketReceiver.java:50)
[47385]Server started@01/03/2015 22:55:23
[47385]Initialization@Room 0
[47385]Initialization@Room 1
[47385]Initialization@Room 2
[47385]Initialization@Room 3
[47385]Initialization@Room 4
[47385]Initialization@Room 5
[47385]Initialization@Room 6
[47385]Initialization@Room 7
[47385]Initialization@Room 8
[47385]Initialization@Room 9
[47385]Initialization@Room 10
[47385]Initialization@Room 11
[47385]Initialization@Room 12
[47385]Initialization@Room 13
[47385]Initialization@Room 14
[47385]Initialization@Room 15
[47385]Initialization@Room 16
[47385]Initialization@Room 17
[47385]Initialization@Room 18
[47385]Initialization@Room 19
[47385]Initialization@Room 20
[47385]Initialization@Room 21
[47385]Initialization@Room 22
[47385]Initialization@Room 23
[47385]Initialization@Room 24
[47385]Initialization@Room 25
[47385]Initialization@Room 26
[47385]Initialization@Room 27
[47385]Initialization@Room 28
[47385]Initialization@Room 29
[47385]Initialization@Room 30
[47385]Initialization@Room 31
[47385]Initialization@Room 32
[47385]Initialization@Room 33
[47385]Initialization@Room 34
[47385]Initialization@Room 35
[47385]Initialization@Room 36
[47385]Initialization@Room 37
[47385]Initialization@Room 38
[47385]Initialization@Room 39
[47385]Initialization@Room 40
[47385]Initialization@Room 41
[47385]Initialization@Room 42
[47385]Initialization@Room 43
[47385]Initialization@Room 44
[47385]Initialization@Room 45
[47385]Initialization@Room 46
[47385]Initialization@Room 47
[47385]Initialization@Room 48
[47385]Initialization@Room 49
[47385]Initialization@Room 50
[47385]Initialization@Room 51
[47385]Initialization@Room 52
[47385]Initialization@Room 53
[47385]Initialization@Room 54
[47385]Initialization@Room 55
[47385]Initialization@Room 56
[47385]Initialization@Room 57
[47385]Initialization@Room 58
[47385]Initialization@Room 59
[47385]Initialization@Room 60
[47385]Initialization@Room 61
[47385]Initialization@Room 62
[47385]Initialization@Room 63
[47385]Initialization@Room 64
[47385]Initialization@Room 65
[47385]Initialization@Room 66
[47385]Initialization@Room 67
[47385]Initialization@Room 68
[47385]Initialization@Room 69
[47385]Initialization@Room 70
[47385]Initialization@Room 71
[47385]Initialization@Room 72
[47385]Initialization@Room 73
[47385]Initialization@Room 74
[47385]Initialization@Room 75
[47385]Initialization@Room 76
[47385]Initialization@Room 77
[47385]Initialization@Room 78
[47385]Initialization@Room 79
[47385]Initialization@Room 80
[47385]Initialization@Room 81
[47385]Initialization@Room 82
[47385]Initialization@Room 83
[47385]Initialization@Room 84
[47385]Initialization@Room 85
[47385]Initialization@Room 86
[47385]Initialization@Room 87
[47385]Initialization@Room 88
[47385]Initialization@Room 89
[47385]Initialization@Room 90
[47385]Initialization@Room 91
[47385]Initialization@Room 92
[47385]Initialization@Room 93
[47385]Initialization@Room 94
[47385]Initialization@Room 95
[47385]Initialization@Room 96
[47385]Initialization@Room 97
[47385]Initialization@Room 98
[47385]Initialization@Room 99
[29457]Server started@01/03/2015 22:55:39
[29457]Initialization@Room 0
[29457]Initialization@Room 1
[29457]Initialization@Room 2
[29457]Initialization@Room 3
[29457]Initialization@Room 4
[29457]Initialization@Room 5
[29457]Initialization@Room 6
[29457]Initialization@Room 7
[29457]Initialization@Room 8
[29457]Initialization@Room 9
[29457]Initialization@Room 10
[29457]Initialization@Room 11
[29457]Initialization@Room 12
[29457]Initialization@Room 13
[29457]Initialization@Room 14
[29457]Initialization@Room 15
[29457]Initialization@Room 16
[29457]Initialization@Room 17
[29457]Initialization@Room 18
[29457]Initialization@Room 19
[29457]Initialization@Room 20
[29457]Initialization@Room 21
[29457]Initialization@Room 22
[29457]Initialization@Room 23
[29457]Initialization@Room 24
[29457]Initialization@Room 25
[29457]Initialization@Room 26
[29457]Initialization@Room 27
[29457]Initialization@Room 28
[29457]Initialization@Room 29
[29457]Initialization@Room 30
[29457]Initialization@Room 31
[29457]Initialization@Room 32
[29457]Initialization@Room 33
[29457]Initialization@Room 34
[29457]Initialization@Room 35
[29457]Initialization@Room 36
[29457]Initialization@Room 37
[29457]Initialization@Room 38
[29457]Initialization@Room 39
[29457]Initialization@Room 40
[29457]Initialization@Room 41
[29457]Initialization@Room 42
[29457]Initialization@Room 43
[29457]Initialization@Room 44
[29457]Initialization@Room 45
[29457]Initialization@Room 46
[29457]Initialization@Room 47
[29457]Initialization@Room 48
[29457]Initialization@Room 49
[29457]Initialization@Room 50
[29457]Initialization@Room 51
[29457]Initialization@Room 52
[29457]Initialization@Room 53
[29457]Initialization@Room 54
[29457]Initialization@Room 55
[29457]Initialization@Room 56
[29457]Initialization@Room 57
[29457]Initialization@Room 58
[29457]Initialization@Room 59
[29457]Initialization@Room 60
[29457]Initialization@Room 61
[29457]Initialization@Room 62
[29457]Initialization@Room 63
[29457]Initialization@Room 64
[29457]Initialization@Room 65
[29457]Initialization@Room 66
[29457]Initialization@Room 67
[29457]Initialization@Room 68
[29457]Initialization@Room 69
[29457]Initialization@Room 70
[29457]Initialization@Room 71
[29457]Initialization@Room 72
[29457]Initialization@Room 73
[29457]Initialization@Room 74
[29457]Initialization@Room 75
[29457]Initialization@Room 76
[29457]Initialization@Room 77
[29457]Initialization@Room 78
[29457]Initialization@Room 79
[29457]Initialization@Room 80
[29457]Initialization@Room 81
[29457]Initialization@Room 82
[29457]Initialization@Room 83
[29457]Initialization@Room 84
[29457]Initialization@Room 85
[29457]Initialization@Room 86
[29457]Initialization@Room 87
[29457]Initialization@Room 88
[29457]Initialization@Room 89
[29457]Initialization@Room 90
[29457]Initialization@Room 91
[29457]Initialization@Room 92
[29457]Initialization@Room 93
[29457]Initialization@Room 94
[29457]Initialization@Room 95
[29457]Initialization@Room 96
[29457]Initialization@Room 97
[29457]Initialization@Room 98
[29457]Initialization@Room 99
[14521]Server started@01/03/2015 22:56:08
[14521]Initialization@Room 0
[14521]Initialization@Room 1
[14521]Initialization@Room 2
[14521]Initialization@Room 3
[14521]Initialization@Room 4
[14521]Initialization@Room 5
[14521]Initialization@Room 6
[14521]Initialization@Room 7
[14521]Initialization@Room 8
[14521]Initialization@Room 9
[14521]Initialization@Room 10
[14521]Initialization@Room 11
[14521]Initialization@Room 12
[14521]Initialization@Room 13
[14521]Initialization@Room 14
[14521]Initialization@Room 15
[14521]Initialization@Room 16
[14521]Initialization@Room 17
[14521]Initialization@Room 18
[14521]Initialization@Room 19
[14521]Initialization@Room 20
[14521]Initialization@Room 21
[14521]Initialization@Room 22
[14521]Initialization@Room 23
[14521]Initialization@Room 24
[14521]Initialization@Room 25
[14521]Initialization@Room 26
[14521]Initialization@Room 27
[14521]Initialization@Room 28
[14521]Initialization@Room 29
[14521]Initialization@Room 30
[14521]Initialization@Room 31
[14521]Initialization@Room 32
[14521]Initialization@Room 33
[14521]Initialization@Room 34
[14521]Initialization@Room 35
[14521]Initialization@Room 36
[14521]Initialization@Room 37
[14521]Initialization@Room 38
[14521]Initialization@Room 39
[14521]Initialization@Room 40
[14521]Initialization@Room 41
[14521]Initialization@Room 42
[14521]Initialization@Room 43
[14521]Initialization@Room 44
[14521]Initialization@Room 45
[14521]Initialization@Room 46
[14521]Initialization@Room 47
[14521]Initialization@Room 48
[14521]Initialization@Room 49
[14521]Initialization@Room 50
[14521]Initialization@Room 51
[14521]Initialization@Room 52
[14521]Initialization@Room 53
[14521]Initialization@Room 54
[14521]Initialization@Room 55
[14521]Initialization@Room 56
[14521]Initialization@Room 57
[14521]Initialization@Room 58
[14521]Initialization@Room 59
[14521]Initialization@Room 60
[14521]Initialization@Room 61
[14521]Initialization@Room 62
[14521]Initialization@Room 63
[14521]Initialization@Room 64
[14521]Initialization@Room 65
[14521]Initialization@Room 66
[14521]Initialization@Room 67
[14521]Initialization@Room 68
[14521]Initialization@Room 69
[14521]Initialization@Room 70
[14521]Initialization@Room 71
[14521]Initialization@Room 72
[14521]Initialization@Room 73
[14521]Initialization@Room 74
[14521]Initialization@Room 75
[14521]Initialization@Room 76
[14521]Initialization@Room 77
[14521]Initialization@Room 78
[14521]Initialization@Room 79
[14521]Initialization@Room 80
[14521]Initialization@Room 81
[14521]Initialization@Room 82
[14521]Initialization@Room 83
[14521]Initialization@Room 84
[14521]Initialization@Room 85
[14521]Initialization@Room 86
[14521]Initialization@Room 87
[14521]Initialization@Room 88
[14521]Initialization@Room 89
[14521]Initialization@Room 90
[14521]Initialization@Room 91
[14521]Initialization@Room 92
[14521]Initialization@Room 93
[14521]Initialization@Room 94
[14521]Initialization@Room 95
[14521]Initialization@Room 96
[14521]Initialization@Room 97
[14521]Initialization@Room 98
[14521]Initialization@Room 99
[1851]Server started@01/03/2015 22:57:14
[1851]Initialization@Room 0
[1851]Initialization@Room 1
[1851]Initialization@Room 2
[1851]Initialization@Room 3
[1851]Initialization@Room 4
[1851]Initialization@Room 5
[1851]Initialization@Room 6
[1851]Initialization@Room 7
[1851]Initialization@Room 8
[1851]Initialization@Room 9
[1851]Initialization@Room 10
[1851]Initialization@Room 11
[1851]Initialization@Room 12
[1851]Initialization@Room 13
[1851]Initialization@Room 14
[1851]Initialization@Room 15
[1851]Initialization@Room 16
[1851]Initialization@Room 17
[1851]Initialization@Room 18
[1851]Initialization@Room 19
[1851]Initialization@Room 20
[1851]Initialization@Room 21
[1851]Initialization@Room 22
[1851]Initialization@Room 23
[1851]Initialization@Room 24
[1851]Initialization@Room 25
[1851]Initialization@Room 26
[1851]Initialization@Room 27
[1851]Initialization@Room 28
[1851]Initialization@Room 29
[1851]Initialization@Room 30
[1851]Initialization@Room 31
[1851]Initialization@Room 32
[1851]Initialization@Room 33
[1851]Initialization@Room 34
[1851]Initialization@Room 35
[1851]Initialization@Room 36
[1851]Initialization@Room 37
[1851]Initialization@Room 38
[1851]Initialization@Room 39
[1851]Initialization@Room 40
[1851]Initialization@Room 41
[1851]Initialization@Room 42
[1851]Initialization@Room 43
[1851]Initialization@Room 44
[1851]Initialization@Room 45
[1851]Initialization@Room 46
[1851]Initialization@Room 47
[1851]Initialization@Room 48
[1851]Initialization@Room 49
[1851]Initialization@Room 50
[1851]Initialization@Room 51
[1851]Initialization@Room 52
[1851]Initialization@Room 53
[1851]Initialization@Room 54
[1851]Initialization@Room 55
[1851]Initialization@Room 56
[1851]Initialization@Room 57
[1851]Initialization@Room 58
[1851]Initialization@Room 59
[1851]Initialization@Room 60
[1851]Initialization@Room 61
[1851]Initialization@Room 62
[1851]Initialization@Room 63
[1851]Initialization@Room 64
[1851]Initialization@Room 65
[1851]Initialization@Room 66
[1851]Initialization@Room 67
[1851]Initialization@Room 68
[1851]Initialization@Room 69
[1851]Initialization@Room 70
[1851]Initialization@Room 71
[1851]Initialization@Room 72
[1851]Initialization@Room 73
[1851]Initialization@Room 74
[1851]Initialization@Room 75
[1851]Initialization@Room 76
[1851]Initialization@Room 77
[1851]Initialization@Room 78
[1851]Initialization@Room 79
[1851]Initialization@Room 80
[1851]Initialization@Room 81
[1851]Initialization@Room 82
[1851]Initialization@Room 83
[1851]Initialization@Room 84
[1851]Initialization@Room 85
[1851]Initialization@Room 86
[1851]Initialization@Room 87
[1851]Initialization@Room 88
[1851]Initialization@Room 89
[1851]Initialization@Room 90
[1851]Initialization@Room 91
[1851]Initialization@Room 92
[1851]Initialization@Room 93
[1851]Initialization@Room 94
[1851]Initialization@Room 95
[1851]Initialization@Room 96
[1851]Initialization@Room 97
[1851]Initialization@Room 98
[1851]Initialization@Room 99
[11544]Server started@01/03/2015 22:57:29
[11544]Initialization@Room 0
[11544]Initialization@Room 1
[11544]Initialization@Room 2
[11544]Initialization@Room 3
[11544]Initialization@Room 4
[11544]Initialization@Room 5
[11544]Initialization@Room 6
[11544]Initialization@Room 7
[11544]Initialization@Room 8
[11544]Initialization@Room 9
[11544]Initialization@Room 10
[11544]Initialization@Room 11
[11544]Initialization@Room 12
[11544]Initialization@Room 13
[11544]Initialization@Room 14
[11544]Initialization@Room 15
[11544]Initialization@Room 16
[11544]Initialization@Room 17
[11544]Initialization@Room 18
[11544]Initialization@Room 19
[11544]Initialization@Room 20
[11544]Initialization@Room 21
[11544]Initialization@Room 22
[11544]Initialization@Room 23
[11544]Initialization@Room 24
[11544]Initialization@Room 25
[11544]Initialization@Room 26
[11544]Initialization@Room 27
[11544]Initialization@Room 28
[11544]Initialization@Room 29
[11544]Initialization@Room 30
[11544]Initialization@Room 31
[11544]Initialization@Room 32
[11544]Initialization@Room 33
[11544]Initialization@Room 34
[11544]Initialization@Room 35
[11544]Initialization@Room 36
[11544]Initialization@Room 37
[11544]Initialization@Room 38
[11544]Initialization@Room 39
[11544]Initialization@Room 40
[11544]Initialization@Room 41
[11544]Initialization@Room 42
[11544]Initialization@Room 43
[11544]Initialization@Room 44
[11544]Initialization@Room 45
[11544]Initialization@Room 46
[11544]Initialization@Room 47
[11544]Initialization@Room 48
[11544]Initialization@Room 49
[11544]Initialization@Room 50
[11544]Initialization@Room 51
[11544]Initialization@Room 52
[11544]Initialization@Room 53
[11544]Initialization@Room 54
[11544]Initialization@Room 55
[11544]Initialization@Room 56
[11544]Initialization@Room 57
[11544]Initialization@Room 58
[11544]Initialization@Room 59
[11544]Initialization@Room 60
[11544]Initialization@Room 61
[11544]Initialization@Room 62
[11544]Initialization@Room 63
[11544]Initialization@Room 64
[11544]Initialization@Room 65
[11544]Initialization@Room 66
[11544]Initialization@Room 67
[11544]Initialization@Room 68
[11544]Initialization@Room 69
[11544]Initialization@Room 70
[11544]Initialization@Room 71
[11544]Initialization@Room 72
[11544]Initialization@Room 73
[11544]Initialization@Room 74
[11544]Initialization@Room 75
[11544]Initialization@Room 76
[11544]Initialization@Room 77
[11544]Initialization@Room 78
[11544]Initialization@Room 79
[11544]Initialization@Room 80
[11544]Initialization@Room 81
[11544]Initialization@Room 82
[11544]Initialization@Room 83
[11544]Initialization@Room 84
[11544]Initialization@Room 85
[11544]Initialization@Room 86
[11544]Initialization@Room 87
[11544]Initialization@Room 88
[11544]Initialization@Room 89
[11544]Initialization@Room 90
[11544]Initialization@Room 91
[11544]Initialization@Room 92
[11544]Initialization@Room 93
[11544]Initialization@Room 94
[11544]Initialization@Room 95
[11544]Initialization@Room 96
[11544]Initialization@Room 97
[11544]Initialization@Room 98
[11544]Initialization@Room 99
[30318]Server started@01/03/2015 22:57:46
[30318]Initialization@Room 0
[30318]Initialization@Room 1
[30318]Initialization@Room 2
[30318]Initialization@Room 3
[30318]Initialization@Room 4
[30318]Initialization@Room 5
[30318]Initialization@Room 6
[30318]Initialization@Room 7
[30318]Initialization@Room 8
[30318]Initialization@Room 9
[30318]Initialization@Room 10
[30318]Initialization@Room 11
[30318]Initialization@Room 12
[30318]Initialization@Room 13
[30318]Initialization@Room 14
[30318]Initialization@Room 15
[30318]Initialization@Room 16
[30318]Initialization@Room 17
[30318]Initialization@Room 18
[30318]Initialization@Room 19
[30318]Initialization@Room 20
[30318]Initialization@Room 21
[30318]Initialization@Room 22
[30318]Initialization@Room 23
[30318]Initialization@Room 24
[30318]Initialization@Room 25
[30318]Initialization@Room 26
[30318]Initialization@Room 27
[30318]Initialization@Room 28
[30318]Initialization@Room 29
[30318]Initialization@Room 30
[30318]Initialization@Room 31
[30318]Initialization@Room 32
[30318]Initialization@Room 33
[30318]Initialization@Room 34
[30318]Initialization@Room 35
[30318]Initialization@Room 36
[30318]Initialization@Room 37
[30318]Initialization@Room 38
[30318]Initialization@Room 39
[30318]Initialization@Room 40
[30318]Initialization@Room 41
[30318]Initialization@Room 42
[30318]Initialization@Room 43
[30318]Initialization@Room 44
[30318]Initialization@Room 45
[30318]Initialization@Room 46
[30318]Initialization@Room 47
[30318]Initialization@Room 48
[30318]Initialization@Room 49
[30318]Initialization@Room 50
[30318]Initialization@Room 51
[30318]Initialization@Room 52
[30318]Initialization@Room 53
[30318]Initialization@Room 54
[30318]Initialization@Room 55
[30318]Initialization@Room 56
[30318]Initialization@Room 57
[30318]Initialization@Room 58
[30318]Initialization@Room 59
[30318]Initialization@Room 60
[30318]Initialization@Room 61
[30318]Initialization@Room 62
[30318]Initialization@Room 63
[30318]Initialization@Room 64
[30318]Initialization@Room 65
[30318]Initialization@Room 66
[30318]Initialization@Room 67
[30318]Initialization@Room 68
[30318]Initialization@Room 69
[30318]Initialization@Room 70
[30318]Initialization@Room 71
[30318]Initialization@Room 72
[30318]Initialization@Room 73
[30318]Initialization@Room 74
[30318]Initialization@Room 75
[30318]Initialization@Room 76
[30318]Initialization@Room 77
[30318]Initialization@Room 78
[30318]Initialization@Room 79
[30318]Initialization@Room 80
[30318]Initialization@Room 81
[30318]Initialization@Room 82
[30318]Initialization@Room 83
[30318]Initialization@Room 84
[30318]Initialization@Room 85
[30318]Initialization@Room 86
[30318]Initialization@Room 87
[30318]Initialization@Room 88
[30318]Initialization@Room 89
[30318]Initialization@Room 90
[30318]Initialization@Room 91
[30318]Initialization@Room 92
[30318]Initialization@Room 93
[30318]Initialization@Room 94
[30318]Initialization@Room 95
[30318]Initialization@Room 96
[30318]Initialization@Room 97
[30318]Initialization@Room 98
[30318]Initialization@Room 99
[20595]Server started@01/03/2015 22:57:57
[20595]Initialization@Room 0
[20595]Initialization@Room 1
[20595]Initialization@Room 2
[20595]Initialization@Room 3
[20595]Initialization@Room 4
[20595]Initialization@Room 5
[20595]Initialization@Room 6
[20595]Initialization@Room 7
[20595]Initialization@Room 8
[20595]Initialization@Room 9
[20595]Initialization@Room 10
[20595]Initialization@Room 11
[20595]Initialization@Room 12
[20595]Initialization@Room 13
[20595]Initialization@Room 14
[20595]Initialization@Room 15
[20595]Initialization@Room 16
[20595]Initialization@Room 17
[20595]Initialization@Room 18
[20595]Initialization@Room 19
[20595]Initialization@Room 20
[20595]Initialization@Room 21
[20595]Initialization@Room 22
[20595]Initialization@Room 23
[20595]Initialization@Room 24
[20595]Initialization@Room 25
[20595]Initialization@Room 26
[20595]Initialization@Room 27
[20595]Initialization@Room 28
[20595]Initialization@Room 29
[20595]Initialization@Room 30
[20595]Initialization@Room 31
[20595]Initialization@Room 32
[20595]Initialization@Room 33
[20595]Initialization@Room 34
[20595]Initialization@Room 35
[20595]Initialization@Room 36
[20595]Initialization@Room 37
[20595]Initialization@Room 38
[20595]Initialization@Room 39
[20595]Initialization@Room 40
[20595]Initialization@Room 41
[20595]Initialization@Room 42
[20595]Initialization@Room 43
[20595]Initialization@Room 44
[20595]Initialization@Room 45
[20595]Initialization@Room 46
[20595]Initialization@Room 47
[20595]Initialization@Room 48
[20595]Initialization@Room 49
[20595]Initialization@Room 50
[20595]Initialization@Room 51
[20595]Initialization@Room 52
[20595]Initialization@Room 53
[20595]Initialization@Room 54
[20595]Initialization@Room 55
[20595]Initialization@Room 56
[20595]Initialization@Room 57
[20595]Initialization@Room 58
[20595]Initialization@Room 59
[20595]Initialization@Room 60
[20595]Initialization@Room 61
[20595]Initialization@Room 62
[20595]Initialization@Room 63
[20595]Initialization@Room 64
[20595]Initialization@Room 65
[20595]Initialization@Room 66
[20595]Initialization@Room 67
[20595]Initialization@Room 68
[20595]Initialization@Room 69
[20595]Initialization@Room 70
[20595]Initialization@Room 71
[20595]Initialization@Room 72
[20595]Initialization@Room 73
[20595]Initialization@Room 74
[20595]Initialization@Room 75
[20595]Initialization@Room 76
[20595]Initialization@Room 77
[20595]Initialization@Room 78
[20595]Initialization@Room 79
[20595]Initialization@Room 80
[20595]Initialization@Room 81
[20595]Initialization@Room 82
[20595]Initialization@Room 83
[20595]Initialization@Room 84
[20595]Initialization@Room 85
[20595]Initialization@Room 86
[20595]Initialization@Room 87
[20595]Initialization@Room 88
[20595]Initialization@Room 89
[20595]Initialization@Room 90
[20595]Initialization@Room 91
[20595]Initialization@Room 92
[20595]Initialization@Room 93
[20595]Initialization@Room 94
[20595]Initialization@Room 95
[20595]Initialization@Room 96
[20595]Initialization@Room 97
[20595]Initialization@Room 98
[20595]Initialization@Room 99
[32666]Server started@01/03/2015 22:58:31
[32666]Initialization@Room 0
[32666]Initialization@Room 1
[32666]Initialization@Room 2
[32666]Initialization@Room 3
[32666]Initialization@Room 4
[32666]Initialization@Room 5
[32666]Initialization@Room 6
[32666]Initialization@Room 7
[32666]Initialization@Room 8
[32666]Initialization@Room 9
[32666]Initialization@Room 10
[32666]Initialization@Room 11
[32666]Initialization@Room 12
[32666]Initialization@Room 13
[32666]Initialization@Room 14
[32666]Initialization@Room 15
[32666]Initialization@Room 16
[32666]Initialization@Room 17
[32666]Initialization@Room 18
[32666]Initialization@Room 19
[32666]Initialization@Room 20
[32666]Initialization@Room 21
[32666]Initialization@Room 22
[32666]Initialization@Room 23
[32666]Initialization@Room 24
[32666]Initialization@Room 25
[32666]Initialization@Room 26
[32666]Initialization@Room 27
[32666]Initialization@Room 28
[32666]Initialization@Room 29
[32666]Initialization@Room 30
[32666]Initialization@Room 31
[32666]Initialization@Room 32
[32666]Initialization@Room 33
[32666]Initialization@Room 34
[32666]Initialization@Room 35
[32666]Initialization@Room 36
[32666]Initialization@Room 37
[32666]Initialization@Room 38
[32666]Initialization@Room 39
[32666]Initialization@Room 40
[32666]Initialization@Room 41
[32666]Initialization@Room 42
[32666]Initialization@Room 43
[32666]Initialization@Room 44
[32666]Initialization@Room 45
[32666]Initialization@Room 46
[32666]Initialization@Room 47
[32666]Initialization@Room 48
[32666]Initialization@Room 49
[32666]Initialization@Room 50
[32666]Initialization@Room 51
[32666]Initialization@Room 52
[32666]Initialization@Room 53
[32666]Initialization@Room 54
[32666]Initialization@Room 55
[32666]Initialization@Room 56
[32666]Initialization@Room 57
[32666]Initialization@Room 58
[32666]Initialization@Room 59
[32666]Initialization@Room 60
[32666]Initialization@Room 61
[32666]Initialization@Room 62
[32666]Initialization@Room 63
[32666]Initialization@Room 64
[32666]Initialization@Room 65
[32666]Initialization@Room 66
[32666]Initialization@Room 67
[32666]Initialization@Room 68
[32666]Initialization@Room 69
[32666]Initialization@Room 70
[32666]Initialization@Room 71
[32666]Initialization@Room 72
[32666]Initialization@Room 73
[32666]Initialization@Room 74
[32666]Initialization@Room 75
[32666]Initialization@Room 76
[32666]Initialization@Room 77
[32666]Initialization@Room 78
[32666]Initialization@Room 79
[32666]Initialization@Room 80
[32666]Initialization@Room 81
[32666]Initialization@Room 82
[32666]Initialization@Room 83
[32666]Initialization@Room 84
[32666]Initialization@Room 85
[32666]Initialization@Room 86
[32666]Initialization@Room 87
[32666]Initialization@Room 88
[32666]Initialization@Room 89
[32666]Initialization@Room 90
[32666]Initialization@Room 91
[32666]Initialization@Room 92
[32666]Initialization@Room 93
[32666]Initialization@Room 94
[32666]Initialization@Room 95
[32666]Initialization@Room 96
[32666]Initialization@Room 97
[32666]Initialization@Room 98
[32666]Initialization@Room 99
[16581]Server started@01/03/2015 22:59:17
[16581]Initialization@Room 0
[16581]Initialization@Room 1
[16581]Initialization@Room 2
[16581]Initialization@Room 3
[16581]Initialization@Room 4
[16581]Initialization@Room 5
[16581]Initialization@Room 6
[16581]Initialization@Room 7
[16581]Initialization@Room 8
[16581]Initialization@Room 9
[16581]Initialization@Room 10
[16581]Initialization@Room 11
[16581]Initialization@Room 12
[16581]Initialization@Room 13
[16581]Initialization@Room 14
[16581]Initialization@Room 15
[16581]Initialization@Room 16
[16581]Initialization@Room 17
[16581]Initialization@Room 18
[16581]Initialization@Room 19
[16581]Initialization@Room 20
[16581]Initialization@Room 21
[16581]Initialization@Room 22
[16581]Initialization@Room 23
[16581]Initialization@Room 24
[16581]Initialization@Room 25
[16581]Initialization@Room 26
[16581]Initialization@Room 27
[16581]Initialization@Room 28
[16581]Initialization@Room 29
[16581]Initialization@Room 30
[16581]Initialization@Room 31
[16581]Initialization@Room 32
[16581]Initialization@Room 33
[16581]Initialization@Room 34
[16581]Initialization@Room 35
[16581]Initialization@Room 36
[16581]Initialization@Room 37
[16581]Initialization@Room 38
[16581]Initialization@Room 39
[16581]Initialization@Room 40
[16581]Initialization@Room 41
[16581]Initialization@Room 42
[16581]Initialization@Room 43
[16581]Initialization@Room 44
[16581]Initialization@Room 45
[16581]Initialization@Room 46
[16581]Initialization@Room 47
[16581]Initialization@Room 48
[16581]Initialization@Room 49
[16581]Initialization@Room 50
[16581]Initialization@Room 51
[16581]Initialization@Room 52
[16581]Initialization@Room 53
[16581]Initialization@Room 54
[16581]Initialization@Room 55
[16581]Initialization@Room 56
[16581]Initialization@Room 57
[16581]Initialization@Room 58
[16581]Initialization@Room 59
[16581]Initialization@Room 60
[16581]Initialization@Room 61
[16581]Initialization@Room 62
[16581]Initialization@Room 63
[16581]Initialization@Room 64
[16581]Initialization@Room 65
[16581]Initialization@Room 66
[16581]Initialization@Room 67
[16581]Initialization@Room 68
[16581]Initialization@Room 69
[16581]Initialization@Room 70
[16581]Initialization@Room 71
[16581]Initialization@Room 72
[16581]Initialization@Room 73
[16581]Initialization@Room 74
[16581]Initialization@Room 75
[16581]Initialization@Room 76
[16581]Initialization@Room 77
[16581]Initialization@Room 78
[16581]Initialization@Room 79
[16581]Initialization@Room 80
[16581]Initialization@Room 81
[16581]Initialization@Room 82
[16581]Initialization@Room 83
[16581]Initialization@Room 84
[16581]Initialization@Room 85
[16581]Initialization@Room 86
[16581]Initialization@Room 87
[16581]Initialization@Room 88
[16581]Initialization@Room 89
[16581]Initialization@Room 90
[16581]Initialization@Room 91
[16581]Initialization@Room 92
[16581]Initialization@Room 93
[16581]Initialization@Room 94
[16581]Initialization@Room 95
[16581]Initialization@Room 96
[16581]Initialization@Room 97
[16581]Initialization@Room 98
[16581]Initialization@Room 99
[33199]Server started@01/03/2015 22:59:38
[33199]Initialization@Room 0
[33199]Initialization@Room 1
[33199]Initialization@Room 2
[33199]Initialization@Room 3
[33199]Initialization@Room 4
[33199]Initialization@Room 5
[33199]Initialization@Room 6
[33199]Initialization@Room 7
[33199]Initialization@Room 8
[33199]Initialization@Room 9
[33199]Initialization@Room 10
[33199]Initialization@Room 11
[33199]Initialization@Room 12
[33199]Initialization@Room 13
[33199]Initialization@Room 14
[33199]Initialization@Room 15
[33199]Initialization@Room 16
[33199]Initialization@Room 17
[33199]Initialization@Room 18
[33199]Initialization@Room 19
[33199]Initialization@Room 20
[33199]Initialization@Room 21
[33199]Initialization@Room 22
[33199]Initialization@Room 23
[33199]Initialization@Room 24
[33199]Initialization@Room 25
[33199]Initialization@Room 26
[33199]Initialization@Room 27
[33199]Initialization@Room 28
[33199]Initialization@Room 29
[33199]Initialization@Room 30
[33199]Initialization@Room 31
[33199]Initialization@Room 32
[33199]Initialization@Room 33
[33199]Initialization@Room 34
[33199]Initialization@Room 35
[33199]Initialization@Room 36
[33199]Initialization@Room 37
[33199]Initialization@Room 38
[33199]Initialization@Room 39
[33199]Initialization@Room 40
[33199]Initialization@Room 41
[33199]Initialization@Room 42
[33199]Initialization@Room 43
[33199]Initialization@Room 44
[33199]Initialization@Room 45
[33199]Initialization@Room 46
[33199]Initialization@Room 47
[33199]Initialization@Room 48
[33199]Initialization@Room 49
[33199]Initialization@Room 50
[33199]Initialization@Room 51
[33199]Initialization@Room 52
[33199]Initialization@Room 53
[33199]Initialization@Room 54
[33199]Initialization@Room 55
[33199]Initialization@Room 56
[33199]Initialization@Room 57
[33199]Initialization@Room 58
[33199]Initialization@Room 59
[33199]Initialization@Room 60
[33199]Initialization@Room 61
[33199]Initialization@Room 62
[33199]Initialization@Room 63
[33199]Initialization@Room 64
[33199]Initialization@Room 65
[33199]Initialization@Room 66
[33199]Initialization@Room 67
[33199]Initialization@Room 68
[33199]Initialization@Room 69
[33199]Initialization@Room 70
[33199]Initialization@Room 71
[33199]Initialization@Room 72
[33199]Initialization@Room 73
[33199]Initialization@Room 74
[33199]Initialization@Room 75
[33199]Initialization@Room 76
[33199]Initialization@Room 77
[33199]Initialization@Room 78
[33199]Initialization@Room 79
[33199]Initialization@Room 80
[33199]Initialization@Room 81
[33199]Initialization@Room 82
[33199]Initialization@Room 83
[33199]Initialization@Room 84
[33199]Initialization@Room 85
[33199]Initialization@Room 86
[33199]Initialization@Room 87
[33199]Initialization@Room 88
[33199]Initialization@Room 89
[33199]Initialization@Room 90
[33199]Initialization@Room 91
[33199]Initialization@Room 92
[33199]Initialization@Room 93
[33199]Initialization@Room 94
[33199]Initialization@Room 95
[33199]Initialization@Room 96
[33199]Initialization@Room 97
[33199]Initialization@Room 98
[33199]Initialization@Room 99
[47015]Server started@01/03/2015 23:00:50
[47015]Initialization@Room 0
[47015]Initialization@Room 1
[47015]Initialization@Room 2
[47015]Initialization@Room 3
[47015]Initialization@Room 4
[47015]Initialization@Room 5
[47015]Initialization@Room 6
[47015]Initialization@Room 7
[47015]Initialization@Room 8
[47015]Initialization@Room 9
[47015]Initialization@Room 10
[47015]Initialization@Room 11
[47015]Initialization@Room 12
[47015]Initialization@Room 13
[47015]Initialization@Room 14
[47015]Initialization@Room 15
[47015]Initialization@Room 16
[47015]Initialization@Room 17
[47015]Initialization@Room 18
[47015]Initialization@Room 19
[47015]Initialization@Room 20
[47015]Initialization@Room 21
[47015]Initialization@Room 22
[47015]Initialization@Room 23
[47015]Initialization@Room 24
[47015]Initialization@Room 25
[47015]Initialization@Room 26
[47015]Initialization@Room 27
[47015]Initialization@Room 28
[47015]Initialization@Room 29
[47015]Initialization@Room 30
[47015]Initialization@Room 31
[47015]Initialization@Room 32
[47015]Initialization@Room 33
[47015]Initialization@Room 34
[47015]Initialization@Room 35
[47015]Initialization@Room 36
[47015]Initialization@Room 37
[47015]Initialization@Room 38
[47015]Initialization@Room 39
[47015]Initialization@Room 40
[47015]Initialization@Room 41
[47015]Initialization@Room 42
[47015]Initialization@Room 43
[47015]Initialization@Room 44
[47015]Initialization@Room 45
[47015]Initialization@Room 46
[47015]Initialization@Room 47
[47015]Initialization@Room 48
[47015]Initialization@Room 49
[47015]Initialization@Room 50
[47015]Initialization@Room 51
[47015]Initialization@Room 52
[47015]Initialization@Room 53
[47015]Initialization@Room 54
[47015]Initialization@Room 55
[47015]Initialization@Room 56
[47015]Initialization@Room 57
[47015]Initialization@Room 58
[47015]Initialization@Room 59
[47015]Initialization@Room 60
[47015]Initialization@Room 61
[47015]Initialization@Room 62
[47015]Initialization@Room 63
[47015]Initialization@Room 64
[47015]Initialization@Room 65
[47015]Initialization@Room 66
[47015]Initialization@Room 67
[47015]Initialization@Room 68
[47015]Initialization@Room 69
[47015]Initialization@Room 70
[47015]Initialization@Room 71
[47015]Initialization@Room 72
[47015]Initialization@Room 73
[47015]Initialization@Room 74
[47015]Initialization@Room 75
[47015]Initialization@Room 76
[47015]Initialization@Room 77
[47015]Initialization@Room 78
[47015]Initialization@Room 79
[47015]Initialization@Room 80
[47015]Initialization@Room 81
[47015]Initialization@Room 82
[47015]Initialization@Room 83
[47015]Initialization@Room 84
[47015]Initialization@Room 85
[47015]Initialization@Room 86
[47015]Initialization@Room 87
[47015]Initialization@Room 88
[47015]Initialization@Room 89
[47015]Initialization@Room 90
[47015]Initialization@Room 91
[47015]Initialization@Room 92
[47015]Initialization@Room 93
[47015]Initialization@Room 94
[47015]Initialization@Room 95
[47015]Initialization@Room 96
[47015]Initialization@Room 97
[47015]Initialization@Room 98
[47015]Initialization@Room 99
[47015]Address already in use: Cannot bind@
[47015]java.net.DualStackPlainDatagramSocketImpl.socketBind(Native Method)
[47015]java.net.DualStackPlainDatagramSocketImpl.bind0(DualStackPlainDatagramSocketImpl.java:81)
[47015]java.net.AbstractPlainDatagramSocketImpl.bind(AbstractPlainDatagramSocketImpl.java:96)
[47015]java.net.DatagramSocket.bind(DatagramSocket.java:396)
[47015]java.net.DatagramSocket.<init>(DatagramSocket.java:251)
[47015]java.net.DatagramSocket.<init>(DatagramSocket.java:304)
[47015]java.net.DatagramSocket.<init>(DatagramSocket.java:276)
[47015]blockfighter.server.net.PacketReceiver.run(PacketReceiver.java:50)
[47000]Server started@01/03/2015 23:00:55
[47000]Initialization@Room 0
[47000]Initialization@Room 1
[47000]Initialization@Room 2
[47000]Initialization@Room 3
[47000]Initialization@Room 4
[47000]Initialization@Room 5
[47000]Initialization@Room 6
[47000]Initialization@Room 7
[47000]Initialization@Room 8
[47000]Initialization@Room 9
[47000]Initialization@Room 10
[47000]Initialization@Room 11
[47000]Initialization@Room 12
[47000]Initialization@Room 13
[47000]Initialization@Room 14
[47000]Initialization@Room 15
[47000]Initialization@Room 16
[47000]Initialization@Room 17
[47000]Initialization@Room 18
[47000]Initialization@Room 19
[47000]Initialization@Room 20
[47000]Initialization@Room 21
[47000]Initialization@Room 22
[47000]Initialization@Room 23
[47000]Initialization@Room 24
[47000]Initialization@Room 25
[47000]Initialization@Room 26
[47000]Initialization@Room 27
[47000]Initialization@Room 28
[47000]Initialization@Room 29
[47000]Initialization@Room 30
[47000]Initialization@Room 31
[47000]Initialization@Room 32
[47000]Initialization@Room 33
[47000]Initialization@Room 34
[47000]Initialization@Room 35
[47000]Initialization@Room 36
[47000]Initialization@Room 37
[47000]Initialization@Room 38
[47000]Initialization@Room 39
[47000]Initialization@Room 40
[47000]Initialization@Room 41
[47000]Initialization@Room 42
[47000]Initialization@Room 43
[47000]Initialization@Room 44
[47000]Initialization@Room 45
[47000]Initialization@Room 46
[47000]Initialization@Room 47
[47000]Initialization@Room 48
[47000]Initialization@Room 49
[47000]Initialization@Room 50
[47000]Initialization@Room 51
[47000]Initialization@Room 52
[47000]Initialization@Room 53
[47000]Initialization@Room 54
[47000]Initialization@Room 55
[47000]Initialization@Room 56
[47000]Initialization@Room 57
[47000]Initialization@Room 58
[47000]Initialization@Room 59
[47000]Initialization@Room 60
[47000]Initialization@Room 61
[47000]Initialization@Room 62
[47000]Initialization@Room 63
[47000]Initialization@Room 64
[47000]Initialization@Room 65
[47000]Initialization@Room 66
[47000]Initialization@Room 67
[47000]Initialization@Room 68
[47000]Initialization@Room 69
[47000]Initialization@Room 70
[47000]Initialization@Room 71
[47000]Initialization@Room 72
[47000]Initialization@Room 73
[47000]Initialization@Room 74
[47000]Initialization@Room 75
[47000]Initialization@Room 76
[47000]Initialization@Room 77
[47000]Initialization@Room 78
[47000]Initialization@Room 79
[47000]Initialization@Room 80
[47000]Initialization@Room 81
[47000]Initialization@Room 82
[47000]Initialization@Room 83
[47000]Initialization@Room 84
[47000]Initialization@Room 85
[47000]Initialization@Room 86
[47000]Initialization@Room 87
[47000]Initialization@Room 88
[47000]Initialization@Room 89
[47000]Initialization@Room 90
[47000]Initialization@Room 91
[47000]Initialization@Room 92
[47000]Initialization@Room 93
[47000]Initialization@Room 94
[47000]Initialization@Room 95
[47000]Initialization@Room 96
[47000]Initialization@Room 97
[47000]Initialization@Room 98
[47000]Initialization@Room 99
[1384]Server started@01/03/2015 23:02:50
[1384]Initialization@Room 0
[1384]Initialization@Room 1
[1384]Initialization@Room 2
[1384]Initialization@Room 3
[1384]Initialization@Room 4
[1384]Initialization@Room 5
[1384]Initialization@Room 6
[1384]Initialization@Room 7
[1384]Initialization@Room 8
[1384]Initialization@Room 9
[1384]Initialization@Room 10
[1384]Initialization@Room 11
[1384]Initialization@Room 12
[1384]Initialization@Room 13
[1384]Initialization@Room 14
[1384]Initialization@Room 15
[1384]Initialization@Room 16
[1384]Initialization@Room 17
[1384]Initialization@Room 18
[1384]Initialization@Room 19
[1384]Initialization@Room 20
[1384]Initialization@Room 21
[1384]Initialization@Room 22
[1384]Initialization@Room 23
[1384]Initialization@Room 24
[1384]Initialization@Room 25
[1384]Initialization@Room 26
[1384]Initialization@Room 27
[1384]Initialization@Room 28
[1384]Initialization@Room 29
[1384]Initialization@Room 30
[1384]Initialization@Room 31
[1384]Initialization@Room 32
[1384]Initialization@Room 33
[1384]Initialization@Room 34
[1384]Initialization@Room 35
[1384]Initialization@Room 36
[1384]Initialization@Room 37
[1384]Initialization@Room 38
[1384]Initialization@Room 39
[1384]Initialization@Room 40
[1384]Initialization@Room 41
[1384]Initialization@Room 42
[1384]Initialization@Room 43
[1384]Initialization@Room 44
[1384]Initialization@Room 45
[1384]Initialization@Room 46
[1384]Initialization@Room 47
[1384]Initialization@Room 48
[1384]Initialization@Room 49
[1384]Initialization@Room 50
[1384]Initialization@Room 51
[1384]Initialization@Room 52
[1384]Initialization@Room 53
[1384]Initialization@Room 54
[1384]Initialization@Room 55
[1384]Initialization@Room 56
[1384]Initialization@Room 57
[1384]Initialization@Room 58
[1384]Initialization@Room 59
[1384]Initialization@Room 60
[1384]Initialization@Room 61
[1384]Initialization@Room 62
[1384]Initialization@Room 63
[1384]Initialization@Room 64
[1384]Initialization@Room 65
[1384]Initialization@Room 66
[1384]Initialization@Room 67
[1384]Initialization@Room 68
[1384]Initialization@Room 69
[1384]Initialization@Room 70
[1384]Initialization@Room 71
[1384]Initialization@Room 72
[1384]Initialization@Room 73
[1384]Initialization@Room 74
[1384]Initialization@Room 75
[1384]Initialization@Room 76
[1384]Initialization@Room 77
[1384]Initialization@Room 78
[1384]Initialization@Room 79
[1384]Initialization@Room 80
[1384]Initialization@Room 81
[1384]Initialization@Room 82
[1384]Initialization@Room 83
[1384]Initialization@Room 84
[1384]Initialization@Room 85
[1384]Initialization@Room 86
[1384]Initialization@Room 87
[1384]Initialization@Room 88
[1384]Initialization@Room 89
[1384]Initialization@Room 90
[1384]Initialization@Room 91
[1384]Initialization@Room 92
[1384]Initialization@Room 93
[1384]Initialization@Room 94
[1384]Initialization@Room 95
[1384]Initialization@Room 96
[1384]Initialization@Room 97
[1384]Initialization@Room 98
[1384]Initialization@Room 99
[38155]Server started@01/03/2015 23:02:55
[38155]Initialization@Room 0
[38155]Initialization@Room 1
[38155]Initialization@Room 2
[38155]Initialization@Room 3
[38155]Initialization@Room 4
[38155]Initialization@Room 5
[38155]Initialization@Room 6
[38155]Initialization@Room 7
[38155]Initialization@Room 8
[38155]Initialization@Room 9
[38155]Initialization@Room 10
[38155]Initialization@Room 11
[38155]Initialization@Room 12
[38155]Initialization@Room 13
[38155]Initialization@Room 14
[38155]Initialization@Room 15
[38155]Initialization@Room 16
[38155]Initialization@Room 17
[38155]Initialization@Room 18
[38155]Initialization@Room 19
[38155]Initialization@Room 20
[17786]Server started@01/03/2015 23:07:56
[17786]Initialization@Room 0
[17786]Initialization@Room 1
[17786]Initialization@Room 2
[17786]Initialization@Room 3
[17786]Initialization@Room 4
[17786]Initialization@Room 5
[17786]Initialization@Room 6
[17786]Initialization@Room 7
[17786]Initialization@Room 8
[17786]Initialization@Room 9
[17786]Initialization@Room 10
[17786]Initialization@Room 11
[17786]Initialization@Room 12
[17786]Initialization@Room 13
[17786]Initialization@Room 14
[17786]Initialization@Room 15
[17786]Initialization@Room 16
[17786]Initialization@Room 17
[17786]Initialization@Room 18
[17786]Initialization@Room 19
[17786]Initialization@Room 20
[45616]Server started@01/03/2015 23:19:05
[45616]Initialization@Room 0
[45616]Initialization@Room 1
[45616]Initialization@Room 2
[45616]Initialization@Room 3
[45616]Initialization@Room 4
[45616]Initialization@Room 5
[45616]Initialization@Room 6
[45616]Initialization@Room 7
[45616]Initialization@Room 8
[45616]Initialization@Room 9
[45616]Initialization@Room 10
[45616]Initialization@Room 11
[45616]Initialization@Room 12
[45616]Initialization@Room 13
[45616]Initialization@Room 14
[45616]Initialization@Room 15
[45616]Initialization@Room 16
[45616]Initialization@Room 17
[45616]Initialization@Room 18
[45616]Initialization@Room 19
[45616]Initialization@Room 20
[42809]Server started@01/03/2015 23:23:04
[42809]Initialization@Room 0
[42809]Initialization@Room 1
[42809]Initialization@Room 2
[42809]Initialization@Room 3
[42809]Initialization@Room 4
[42809]Initialization@Room 5
[42809]Initialization@Room 6
[42809]Initialization@Room 7
[42809]Initialization@Room 8
[42809]Initialization@Room 9
[42809]Initialization@Room 10
[42809]Initialization@Room 11
[42809]Initialization@Room 12
[42809]Initialization@Room 13
[42809]Initialization@Room 14
[42809]Initialization@Room 15
[42809]Initialization@Room 16
[42809]Initialization@Room 17
[42809]Initialization@Room 18
[42809]Initialization@Room 19
[42809]Initialization@Room 20
[40168]Server started@01/03/2015 23:25:44
[40168]Initialization@Room 0
[40168]Initialization@Room 1
[40168]Initialization@Room 2
[40168]Initialization@Room 3
[40168]Initialization@Room 4
[40168]Initialization@Room 5
[40168]Initialization@Room 6
[40168]Initialization@Room 7
[40168]Initialization@Room 8
[40168]Initialization@Room 9
[40168]Initialization@Room 10
[40168]Initialization@Room 11
[40168]Initialization@Room 12
[40168]Initialization@Room 13
[40168]Initialization@Room 14
[40168]Initialization@Room 15
[40168]Initialization@Room 16
[40168]Initialization@Room 17
[40168]Initialization@Room 18
[40168]Initialization@Room 19
[40168]Initialization@Room 20
[2264]Server started@01/03/2015 23:43:47
[2264]Initialization@Room 0
[2264]Initialization@Room 1
[2264]Initialization@Room 2
[2264]Initialization@Room 3
[2264]Initialization@Room 4
[2264]Initialization@Room 5
[2264]Initialization@Room 6
[2264]Initialization@Room 7
[2264]Initialization@Room 8
[2264]Initialization@Room 9
[2264]Initialization@Room 10
[2264]Initialization@Room 11
[2264]Initialization@Room 12
[2264]Initialization@Room 13
[2264]Initialization@Room 14
[2264]Initialization@Room 15
[2264]Initialization@Room 16
[2264]Initialization@Room 17
[2264]Initialization@Room 18
[2264]Initialization@Room 19
[2264]Initialization@Room 20
[34269]Server started@02/03/2015 00:26:06
[34269]Initialization@Room 0
[34269]Initialization@Room 1
[34269]Initialization@Room 2
[34269]Initialization@Room 3
[34269]Initialization@Room 4
[34269]Initialization@Room 5
[34269]Initialization@Room 6
[34269]Initialization@Room 7
[34269]Initialization@Room 8
[34269]Initialization@Room 9
[34269]Initialization@Room 10
[34269]Initialization@Room 11
[34269]Initialization@Room 12
[34269]Initialization@Room 13
[34269]Initialization@Room 14
[34269]Initialization@Room 15
[34269]Initialization@Room 16
[34269]Initialization@Room 17
[34269]Initialization@Room 18
[34269]Initialization@Room 19
[34269]Initialization@Room 20
[36674]Server started@02/03/2015 00:27:34
[36674]Initialization@Room 0
[36674]Initialization@Room 1
[36674]Initialization@Room 2
[36674]Initialization@Room 3
[36674]Initialization@Room 4
[36674]Initialization@Room 5
[36674]Initialization@Room 6
[36674]Initialization@Room 7
[36674]Initialization@Room 8
[36674]Initialization@Room 9
[36674]Initialization@Room 10
[36674]Initialization@Room 11
[36674]Initialization@Room 12
[36674]Initialization@Room 13
[36674]Initialization@Room 14
[36674]Initialization@Room 15
[36674]Initialization@Room 16
[36674]Initialization@Room 17
[36674]Initialization@Room 18
[36674]Initialization@Room 19
[36674]Initialization@Room 20
[31442]Server started@02/03/2015 23:44:06
[31442]Initialization@Room 0
[31442]Initialization@Room 1
[31442]Initialization@Room 2
[31442]Initialization@Room 3
[31442]Initialization@Room 4
[31442]Initialization@Room 5
[31442]Initialization@Room 6
[31442]Initialization@Room 7
[31442]Initialization@Room 8
[31442]Initialization@Room 9
[31442]Initialization@Room 10
[31442]Initialization@Room 11
[31442]Initialization@Room 12
[31442]Initialization@Room 13
[31442]Initialization@Room 14
[31442]Initialization@Room 15
[31442]Initialization@Room 16
[31442]Initialization@Room 17
[31442]Initialization@Room 18
[31442]Initialization@Room 19
[31442]Initialization@Room 20
[31841]Server started@02/03/2015 23:44:11
[31841]Initialization@Room 0
[31841]Initialization@Room 1
[31841]Initialization@Room 2
[31841]Initialization@Room 3
[31841]Initialization@Room 4
[31841]Initialization@Room 5
[31841]Initialization@Room 6
[31841]Initialization@Room 7
[31841]Initialization@Room 8
[31841]Initialization@Room 9
[31841]Initialization@Room 10
[31841]Initialization@Room 11
[31841]Initialization@Room 12
[31841]Initialization@Room 13
[31841]Initialization@Room 14
[31841]Initialization@Room 15
[31841]Initialization@Room 16
[31841]Initialization@Room 17
[31841]Initialization@Room 18
[31841]Initialization@Room 19
[31841]Initialization@Room 20
