#
# A fatal error has been detected by the Java Runtime Environment:
#
#  EXCEPTION_ACCESS_VIOLATION (0xc0000005) at pc=0x00000000667c1dc0, pid=2504, tid=7480
#
# JRE version: Java(TM) SE Runtime Environment (7.0_75-b13) (build 1.7.0_75-b13)
# Java VM: Java HotSpot(TM) 64-Bit Server VM (24.75-b04 mixed mode windows-amd64 compressed oops)
# Problematic frame:
# V  [jvm.dll+0x81dc0]
#
# Failed to write core dump. Minidumps are not enabled by default on client versions of Windows
#
# If you would like to submit a bug report, please visit:
#   http://bugreport.sun.com/bugreport/crash.jsp
#

---------------  T H R E A D  ---------------

Current thread (0x000000000a497000):  JavaThread "AWT-EventQueue-0" [_thread_in_vm, id=7480, stack(0x000000000c2f0000,0x000000000c3f0000)]

siginfo: ExceptionCode=0xc0000005, reading address 0x00000000707b81a0

Registers:
RAX=0x00000000c4814879, RBX=0x00000000bb56d0b8, RCX=0x00000000024e8a6d, RDX=0x00000000024e8b55
RSP=0x000000000c3edd30, RBP=0x000000000c3edef0, RSI=0x0000000000000001, RDI=0x00000000024e8a6d
R8 =0x000003a9001c0001, R9 =0x000003aa00110002, R10=0x00000000021fe440, R11=0x00000000707b8148
R12=0x0000000000000001, R13=0x00000000bb56d0b8, R14=0x000000000c3edf10, R15=0x000000000a497000
RIP=0x00000000667c1dc0, EFLAGS=0x0000000000010282

Top of Stack: (sp=0x000000000c3edd30)
0x000000000c3edd30:   000000000a363620 000000000a3636b0
0x000000000c3edd40:   000000000a363a08 00000000000003d8
0x000000000c3edd50:   000000000c3ee678 000000000a23d530
0x000000000c3edd60:   000000000a497000 000000000c3edf10
0x000000000c3edd70:   00000000bb56d0b8 0000000000000000
0x000000000c3edd80:   000000000a497000 000000000c3edef0
0x000000000c3edd90:   0000000000000000 000000006684ce92
0x000000000c3edda0:   00000000bb56d0b8 000000000c3edef0
0x000000000c3eddb0:   000000000a497000 000000000a497000
0x000000000c3eddc0:   000000000c3ede50 00000000668e8594
0x000000000c3eddd0:   000000000a363678 00000000675066c8
0x000000000c3edde0:   000000000c3edef0 000000000a497000
0x000000000c3eddf0:   000000000a3636b0 000000000000000e
0x000000000c3ede00:   00000000000000b6 00000000bae2e9e0
0x000000000c3ede10:   000000000a363678 00000000667dfad0
0x000000000c3ede20:   000000000a363678 0000000000000000 

Instructions: (pc=0x00000000667c1dc0)
0x00000000667c1da0:   bc 01 00 00 00 48 85 c9 74 42 48 8d 91 e8 00 00
0x00000000667c1db0:   00 41 8b cc ff 15 c6 59 69 00 4c 8b 1f 48 8b cf
0x00000000667c1dc0:   41 ff 53 58 84 c0 74 24 4c 8d 0d 49 db 4e 00 4c
0x00000000667c1dd0:   8d 05 12 db 4e 00 48 8d 0d 1b da 4e 00 ba 82 08 


Register to memory mapping:

RAX=0x00000000c4814879 is an unallocated location in the heap
RBX=0x00000000bb56d0b8 is pointing into object: 0x00000000bb56d070
{constMethod} 
 - klass: {other class}
 - constants:       0x00000000bb562c68 constant pool [905] for 'sun/awt/windows/WComponentPeer' cache=0x00000000bb56f5b8
RCX=0x00000000024e8a6d is at code_begin+77 in an AdapterHandler
Adapter for signature: 0x00000000024e8a6d is at code_begin+77 in 
[CodeBlob (0x00000000024e89d0)]
Framesize: 0
BufferBlob (0x00000000024e89d0) used for I2C/C2I adapters
RDX=0x00000000024e8b55 is at code_begin+309 in an AdapterHandler
Adapter for signature: 0x00000000024e8b55 is at code_begin+309 in 
[CodeBlob (0x00000000024e89d0)]
Framesize: 0
BufferBlob (0x00000000024e89d0) used for I2C/C2I adapters
RSP=0x000000000c3edd30 is pointing into the stack for thread: 0x000000000a497000
RBP=0x000000000c3edef0 is pointing into the stack for thread: 0x000000000a497000
RSI=0x0000000000000001 is an unknown value
RDI=0x00000000024e8a6d is at code_begin+77 in an AdapterHandler
Adapter for signature: 0x00000000024e8a6d is at code_begin+77 in 
[CodeBlob (0x00000000024e89d0)]
Framesize: 0
BufferBlob (0x00000000024e89d0) used for I2C/C2I adapters
R8 =0x000003a9001c0001 is an unknown value
R9 =0x000003aa00110002 is an unknown value
R10=0x00000000021fe440 is an unknown value
R11=0x00000000707b8148 is an unknown value
R12=0x0000000000000001 is an unknown value
R13=0x00000000bb56d0b8 is pointing into object: 0x00000000bb56d070
{constMethod} 
 - klass: {other class}
 - constants:       0x00000000bb562c68 constant pool [905] for 'sun/awt/windows/WComponentPeer' cache=0x00000000bb56f5b8
R14=0x000000000c3edf10 is pointing into the stack for thread: 0x000000000a497000
R15=0x000000000a497000 is a thread


Stack: [0x000000000c2f0000,0x000000000c3f0000],  sp=0x000000000c3edd30,  free space=1015k
Native frames: (J=compiled Java code, j=interpreted, Vv=VM code, C=native code)
V  [jvm.dll+0x81dc0]
j  sun.awt.windows.WComponentPeer.removeDropTarget(Ljava/awt/dnd/DropTarget;)V+18
j  java.awt.dnd.DropTarget.removeNotify(Ljava/awt/peer/ComponentPeer;)V+15
j  java.awt.Component.removeNotify()V+197
j  java.awt.Container.removeNotify()V+109
j  javax.swing.JComponent.removeNotify()V+1
j  javax.swing.text.JTextComponent.removeNotify()V+1
j  java.awt.Container.remove(I)V+55
j  java.awt.Container.remove(Ljava/awt/Component;)V+32
j  blockfighter.client.screen.ScreenServerList$2.run()V+10
j  java.awt.event.InvocationEvent.dispatch()V+47
j  java.awt.EventQueue.dispatchEventImpl(Ljava/awt/AWTEvent;Ljava/lang/Object;)V+21
j  java.awt.EventQueue.access$300(Ljava/awt/EventQueue;Ljava/awt/AWTEvent;Ljava/lang/Object;)V+3
j  java.awt.EventQueue$3.run()Ljava/lang/Void;+12
j  java.awt.EventQueue$3.run()Ljava/lang/Object;+1
v  ~StubRoutines::call_stub

Java frames: (J=compiled Java code, j=interpreted, Vv=VM code)
j  sun.awt.windows.WComponentPeer.removeNativeDropTarget()V+0
j  sun.awt.windows.WComponentPeer.removeDropTarget(Ljava/awt/dnd/DropTarget;)V+18
j  java.awt.dnd.DropTarget.removeNotify(Ljava/awt/peer/ComponentPeer;)V+15
j  java.awt.Component.removeNotify()V+197
j  java.awt.Container.removeNotify()V+109
j  javax.swing.JComponent.removeNotify()V+1
j  javax.swing.text.JTextComponent.removeNotify()V+1
j  java.awt.Container.remove(I)V+55
j  java.awt.Container.remove(Ljava/awt/Component;)V+32
j  blockfighter.client.screen.ScreenServerList$2.run()V+10
j  java.awt.event.InvocationEvent.dispatch()V+47
j  java.awt.EventQueue.dispatchEventImpl(Ljava/awt/AWTEvent;Ljava/lang/Object;)V+21
j  java.awt.EventQueue.access$300(Ljava/awt/EventQueue;Ljava/awt/AWTEvent;Ljava/lang/Object;)V+3
j  java.awt.EventQueue$3.run()Ljava/lang/Void;+12
j  java.awt.EventQueue$3.run()Ljava/lang/Object;+1
v  ~StubRoutines::call_stub
j  java.security.AccessController.doPrivileged(Ljava/security/PrivilegedAction;Ljava/security/AccessControlContext;)Ljava/lang/Object;+0
j  java.security.ProtectionDomain$1.doIntersectionPrivilege(Ljava/security/PrivilegedAction;Ljava/security/AccessControlContext;Ljava/security/AccessControlContext;)Ljava/lang/Object;+28
j  java.awt.EventQueue.dispatchEvent(Ljava/awt/AWTEvent;)V+46
j  java.awt.EventDispatchThread.pumpOneEventForFilters(I)V+245
j  java.awt.EventDispatchThread.pumpEventsForFilter(ILjava/awt/Conditional;Ljava/awt/EventFilter;)V+35
j  java.awt.EventDispatchThread.pumpEventsForHierarchy(ILjava/awt/Conditional;Ljava/awt/Component;)V+11
j  java.awt.EventDispatchThread.pumpEvents(ILjava/awt/Conditional;)V+4
j  java.awt.EventDispatchThread.pumpEvents(Ljava/awt/Conditional;)V+3
j  java.awt.EventDispatchThread.run()V+9
v  ~StubRoutines::call_stub

---------------  P R O C E S S  ---------------

Java Threads: ( => current thread )
  0x000000000c853000 JavaThread "pool-2-thread-5" [_thread_blocked, id=5732, stack(0x00000000172b0000,0x00000000173b0000)]
  0x000000000c852800 JavaThread "pool-2-thread-4" [_thread_blocked, id=7620, stack(0x00000000170e0000,0x00000000171e0000)]
  0x000000000c851800 JavaThread "pool-2-thread-3" [_thread_blocked, id=7728, stack(0x0000000016d90000,0x0000000016e90000)]
  0x000000000c851000 JavaThread "pool-2-thread-2" [_thread_blocked, id=7640, stack(0x0000000016e90000,0x0000000016f90000)]
  0x000000000c84f800 JavaThread "pool-2-thread-1" [_thread_in_native, id=7776, stack(0x0000000016aa0000,0x0000000016ba0000)]
  0x000000000c850000 JavaThread "Reciever" daemon [_thread_in_native, id=8072, stack(0x0000000016c50000,0x0000000016d50000)]
  0x000000000c84e800 JavaThread "TimerQueue" daemon [_thread_blocked, id=7572, stack(0x00000000159b0000,0x0000000015ab0000)]
  0x000000000c84e000 JavaThread "Thread-14" [_thread_blocked, id=7628, stack(0x00000000137c0000,0x00000000138c0000)]
  0x000000000c84d000 JavaThread "pool-1-thread-4" [_thread_blocked, id=7676, stack(0x0000000012620000,0x0000000012720000)]
  0x000000000c84c800 JavaThread "D3D Screen Updater" daemon [_thread_blocked, id=8040, stack(0x0000000012720000,0x0000000012820000)]
  0x000000000c84b800 JavaThread "pool-1-thread-3" [_thread_blocked, id=5940, stack(0x0000000011800000,0x0000000011900000)]
  0x000000000c84b000 JavaThread "pool-1-thread-2" [_thread_blocked, id=3432, stack(0x0000000012510000,0x0000000012610000)]
  0x000000000c84a000 JavaThread "pool-3-thread-2" [_thread_blocked, id=5364, stack(0x0000000010130000,0x0000000010230000)]
  0x000000000c898000 JavaThread "pool-3-thread-1" [_thread_blocked, id=7248, stack(0x0000000012300000,0x0000000012400000)]
  0x000000000cc3d000 JavaThread "Thread-10" [_thread_blocked, id=7492, stack(0x0000000010cb0000,0x0000000010db0000)]
  0x000000000ccba000 JavaThread "pool-1-thread-1" [_thread_blocked, id=7944, stack(0x0000000010b90000,0x0000000010c90000)]
  0x0000000001d2f000 JavaThread "DestroyJavaVM" [_thread_blocked, id=7608, stack(0x00000000023b0000,0x00000000024b0000)]
=>0x000000000a497000 JavaThread "AWT-EventQueue-0" [_thread_in_vm, id=7480, stack(0x000000000c2f0000,0x000000000c3f0000)]
  0x000000000a494000 JavaThread "AWT-Windows" daemon [_thread_in_native, id=7476, stack(0x000000000c1d0000,0x000000000c2d0000)]
  0x000000000a493800 JavaThread "AWT-Shutdown" [_thread_blocked, id=7472, stack(0x000000000c050000,0x000000000c150000)]
  0x000000000a492800 JavaThread "Java2D Disposer" daemon [_thread_blocked, id=6868, stack(0x000000000bf30000,0x000000000c030000)]
  0x000000000a38d800 JavaThread "Service Thread" daemon [_thread_blocked, id=7512, stack(0x000000000bca0000,0x000000000bda0000)]
  0x000000000a306000 JavaThread "C2 CompilerThread1" daemon [_thread_blocked, id=6756, stack(0x000000000bb60000,0x000000000bc60000)]
  0x000000000a305000 JavaThread "C2 CompilerThread0" daemon [_thread_blocked, id=7780, stack(0x000000000ba20000,0x000000000bb20000)]
  0x000000000a2ab800 JavaThread "*** Profiler Agent Special Execution Thread 6" daemon [_thread_blocked, id=7456, stack(0x000000000aec0000,0x000000000afc0000)]
  0x000000000a2a8800 JavaThread "*** JFluid Monitor thread ***" daemon [_thread_blocked, id=7784, stack(0x000000000ad70000,0x000000000ae70000)]
  0x000000000a23f000 JavaThread "*** Profiler Agent Communication Thread" daemon [_thread_in_native, id=7020, stack(0x000000000a8b0000,0x000000000a9b0000)]
  0x000000000886d800 JavaThread "Attach Listener" daemon [_thread_blocked, id=6732, stack(0x000000000a7b0000,0x000000000a8b0000)]
  0x000000000886c800 JavaThread "Signal Dispatcher" daemon [_thread_blocked, id=6652, stack(0x0000000009f40000,0x000000000a040000)]
  0x000000000885c800 JavaThread "Finalizer" daemon [_thread_blocked, id=4092, stack(0x000000000a0b0000,0x000000000a1b0000)]
  0x0000000008857800 JavaThread "Reference Handler" daemon [_thread_blocked, id=7232, stack(0x0000000009d00000,0x0000000009e00000)]

Other Threads:
  0x000000000884c000 VMThread [stack: 0x0000000009e00000,0x0000000009f00000] [id=3364]
  0x000000000a392800 WatcherThread [stack: 0x000000000bda0000,0x000000000bea0000] [id=6640]

VM state:not at safepoint (normal execution)

VM Mutex/Monitor currently owned by a thread: None

Heap
 PSYoungGen      total 36352K, used 27791K [0x00000000eaa80000, 0x00000000ed080000, 0x0000000100000000)
  eden space 33792K, 82% used [0x00000000eaa80000,0x00000000ec5a3d80,0x00000000ecb80000)
  from space 2560K, 0% used [0x00000000ece00000,0x00000000ece00000,0x00000000ed080000)
  to   space 2560K, 0% used [0x00000000ecb80000,0x00000000ecb80000,0x00000000ece00000)
 ParOldGen       total 43520K, used 18630K [0x00000000c0000000, 0x00000000c2a80000, 0x00000000eaa80000)
  object space 43520K, 42% used [0x00000000c0000000,0x00000000c1231930,0x00000000c2a80000)
 PSPermGen       total 29184K, used 14574K [0x00000000bae00000, 0x00000000bca80000, 0x00000000c0000000)
  object space 29184K, 49% used [0x00000000bae00000,0x00000000bbc3bb70,0x00000000bca80000)

Card table byte_map: [0x00000000054b0000,0x00000000056e0000] byte_map_base: 0x0000000004ed9000

Polling page: 0x0000000000240000

Code Cache  [0x00000000024b0000, 0x0000000002720000, 0x00000000054b0000)
 total_blobs=695 nmethods=178 adapters=470 free_code_cache=48229Kb largest_free_block=49365184

Compilation events (10 events):
Event: 5.690 Thread 0x000000000a306000 nmethod 162 0x000000000252b850 code [0x000000000252b980, 0x000000000252b9b8]
Event: 5.690 Thread 0x000000000a306000  163             sun.misc.IoTrace::fileReadEnd (1 bytes)
Event: 5.690 Thread 0x000000000a306000 nmethod 163 0x0000000002557a10 code [0x0000000002557b40, 0x0000000002557b78]
Event: 5.732 Thread 0x000000000a306000  164             java.util.zip.Inflater::ensureOpen (47 bytes)
Event: 5.733 Thread 0x000000000a306000 nmethod 164 0x000000000257a690 code [0x000000000257a7c0, 0x000000000257a838]
Event: 5.734 Thread 0x000000000a306000  165   !         java.util.zip.Inflater::inflate (113 bytes)
Event: 5.737 Thread 0x000000000a306000 nmethod 165 0x000000000258fb50 code [0x000000000258fca0, 0x00000000025900c8]
Event: 5.737 Thread 0x000000000a306000  167   !         java.util.zip.InflaterInputStream::read (138 bytes)
Event: 5.738 Thread 0x000000000a305000 nmethod 160 0x0000000002595a90 code [0x0000000002595d60, 0x0000000002599228]
Event: 5.745 Thread 0x000000000a306000 nmethod 167 0x0000000002592550 code [0x0000000002592700, 0x0000000002593148]

GC Heap History (10 events):
Event: 2.328 GC heap before
{Heap before GC invocations=1 (full 0):
 PSYoungGen      total 19456K, used 16896K [0x00000000eaa80000, 0x00000000ec000000, 0x0000000100000000)
  eden space 16896K, 100% used [0x00000000eaa80000,0x00000000ebb00000,0x00000000ebb00000)
  from space 2560K, 0% used [0x00000000ebd80000,0x00000000ebd80000,0x00000000ec000000)
  to   space 2560K, 0% used [0x00000000ebb00000,0x00000000ebb00000,0x00000000ebd80000)
 ParOldGen       total 43520K, used 0K [0x00000000c0000000, 0x00000000c2a80000, 0x00000000eaa80000)
  object space 43520K, 0% used [0x00000000c0000000,0x00000000c0000000,0x00000000c2a80000)
 PSPermGen       total 21504K, used 8622K [0x00000000bae00000, 0x00000000bc300000, 0x00000000c0000000)
  object space 21504K, 40% used [0x00000000bae00000,0x00000000bb66b9e8,0x00000000bc300000)
Event: 2.336 GC heap after
Heap after GC invocations=1 (full 0):
 PSYoungGen      total 19456K, used 2541K [0x00000000eaa80000, 0x00000000ec000000, 0x0000000100000000)
  eden space 16896K, 0% used [0x00000000eaa80000,0x00000000eaa80000,0x00000000ebb00000)
  from space 2560K, 99% used [0x00000000ebb00000,0x00000000ebd7b558,0x00000000ebd80000)
  to   space 2560K, 0% used [0x00000000ebd80000,0x00000000ebd80000,0x00000000ec000000)
 ParOldGen       total 43520K, used 4579K [0x00000000c0000000, 0x00000000c2a80000, 0x00000000eaa80000)
  object space 43520K, 10% used [0x00000000c0000000,0x00000000c0478f30,0x00000000c2a80000)
 PSPermGen       total 21504K, used 8622K [0x00000000bae00000, 0x00000000bc300000, 0x00000000c0000000)
  object space 21504K, 40% used [0x00000000bae00000,0x00000000bb66b9e8,0x00000000bc300000)
}
Event: 2.563 GC heap before
{Heap before GC invocations=2 (full 0):
 PSYoungGen      total 19456K, used 19437K [0x00000000eaa80000, 0x00000000ec000000, 0x0000000100000000)
  eden space 16896K, 100% used [0x00000000eaa80000,0x00000000ebb00000,0x00000000ebb00000)
  from space 2560K, 99% used [0x00000000ebb00000,0x00000000ebd7b558,0x00000000ebd80000)
  to   space 2560K, 0% used [0x00000000ebd80000,0x00000000ebd80000,0x00000000ec000000)
 ParOldGen       total 43520K, used 4579K [0x00000000c0000000, 0x00000000c2a80000, 0x00000000eaa80000)
  object space 43520K, 10% used [0x00000000c0000000,0x00000000c0478f30,0x00000000c2a80000)
 PSPermGen       total 21504K, used 8655K [0x00000000bae00000, 0x00000000bc300000, 0x00000000c0000000)
  object space 21504K, 40% used [0x00000000bae00000,0x00000000bb673fc8,0x00000000bc300000)
Event: 2.573 GC heap after
Heap after GC invocations=2 (full 0):
 PSYoungGen      total 19456K, used 2552K [0x00000000eaa80000, 0x00000000ed080000, 0x0000000100000000)
  eden space 16896K, 0% used [0x00000000eaa80000,0x00000000eaa80000,0x00000000ebb00000)
  from space 2560K, 99% used [0x00000000ebd80000,0x00000000ebffe270,0x00000000ec000000)
  to   space 2560K, 0% used [0x00000000ebb00000,0x00000000ebb00000,0x00000000ebd80000)
 ParOldGen       total 43520K, used 18146K [0x00000000c0000000, 0x00000000c2a80000, 0x00000000eaa80000)
  object space 43520K, 41% used [0x00000000c0000000,0x00000000c11b8978,0x00000000c2a80000)
 PSPermGen       total 21504K, used 8655K [0x00000000bae00000, 0x00000000bc300000, 0x00000000c0000000)
  object space 21504K, 40% used [0x00000000bae00000,0x00000000bb673fc8,0x00000000bc300000)
}
Event: 3.069 GC heap before
{Heap before GC invocations=3 (full 0):
 PSYoungGen      total 19456K, used 19448K [0x00000000eaa80000, 0x00000000ed080000, 0x0000000100000000)
  eden space 16896K, 100% used [0x00000000eaa80000,0x00000000ebb00000,0x00000000ebb00000)
  from space 2560K, 99% used [0x00000000ebd80000,0x00000000ebffe270,0x00000000ec000000)
  to   space 2560K, 0% used [0x00000000ebb00000,0x00000000ebb00000,0x00000000ebd80000)
 ParOldGen       total 43520K, used 18146K [0x00000000c0000000, 0x00000000c2a80000, 0x00000000eaa80000)
  object space 43520K, 41% used [0x00000000c0000000,0x00000000c11b8978,0x00000000c2a80000)
 PSPermGen       total 21504K, used 14018K [0x00000000bae00000, 0x00000000bc300000, 0x00000000c0000000)
  object space 21504K, 65% used [0x00000000bae00000,0x00000000bbbb0ad8,0x00000000bc300000)
Event: 3.076 GC heap after
Heap after GC invocations=3 (full 0):
 PSYoungGen      total 19456K, used 2547K [0x00000000eaa80000, 0x00000000ed080000, 0x0000000100000000)
  eden space 16896K, 0% used [0x00000000eaa80000,0x00000000eaa80000,0x00000000ebb00000)
  from space 2560K, 99% used [0x00000000ebb00000,0x00000000ebd7cf90,0x00000000ebd80000)
  to   space 2560K, 0% used [0x00000000ece00000,0x00000000ece00000,0x00000000ed080000)
 ParOldGen       total 43520K, used 24059K [0x00000000c0000000, 0x00000000c2a80000, 0x00000000eaa80000)
  object space 43520K, 55% used [0x00000000c0000000,0x00000000c177efd8,0x00000000c2a80000)
 PSPermGen       total 21504K, used 14018K [0x00000000bae00000, 0x00000000bc300000, 0x00000000c0000000)
  object space 21504K, 65% used [0x00000000bae00000,0x00000000bbbb0ad8,0x00000000bc300000)
}
Event: 5.562 GC heap before
{Heap before GC invocations=4 (full 0):
 PSYoungGen      total 19456K, used 6406K [0x00000000eaa80000, 0x00000000ed080000, 0x0000000100000000)
  eden space 16896K, 22% used [0x00000000eaa80000,0x00000000eae44948,0x00000000ebb00000)
  from space 2560K, 99% used [0x00000000ebb00000,0x00000000ebd7cf90,0x00000000ebd80000)
  to   space 2560K, 0% used [0x00000000ece00000,0x00000000ece00000,0x00000000ed080000)
 ParOldGen       total 43520K, used 24059K [0x00000000c0000000, 0x00000000c2a80000, 0x00000000eaa80000)
  object space 43520K, 55% used [0x00000000c0000000,0x00000000c177efd8,0x00000000c2a80000)
 PSPermGen       total 21504K, used 14577K [0x00000000bae00000, 0x00000000bc300000, 0x00000000c0000000)
  object space 21504K, 67% used [0x00000000bae00000,0x00000000bbc3c568,0x00000000bc300000)
Event: 5.566 GC heap after
Heap after GC invocations=4 (full 0):
 PSYoungGen      total 36352K, used 2547K [0x00000000eaa80000, 0x00000000ed080000, 0x0000000100000000)
  eden space 33792K, 0% used [0x00000000eaa80000,0x00000000eaa80000,0x00000000ecb80000)
  from space 2560K, 99% used [0x00000000ece00000,0x00000000ed07cf90,0x00000000ed080000)
  to   space 2560K, 0% used [0x00000000ecb80000,0x00000000ecb80000,0x00000000ece00000)
 ParOldGen       total 43520K, used 24243K [0x00000000c0000000, 0x00000000c2a80000, 0x00000000eaa80000)
  object space 43520K, 55% used [0x00000000c0000000,0x00000000c17acdd0,0x00000000c2a80000)
 PSPermGen       total 21504K, used 14577K [0x00000000bae00000, 0x00000000bc300000, 0x00000000c0000000)
  object space 21504K, 67% used [0x00000000bae00000,0x00000000bbc3c568,0x00000000bc300000)
}
Event: 5.566 GC heap before
{Heap before GC invocations=5 (full 1):
 PSYoungGen      total 36352K, used 2547K [0x00000000eaa80000, 0x00000000ed080000, 0x0000000100000000)
  eden space 33792K, 0% used [0x00000000eaa80000,0x00000000eaa80000,0x00000000ecb80000)
  from space 2560K, 99% used [0x00000000ece00000,0x00000000ed07cf90,0x00000000ed080000)
  to   space 2560K, 0% used [0x00000000ecb80000,0x00000000ecb80000,0x00000000ece00000)
 ParOldGen       total 43520K, used 24243K [0x00000000c0000000, 0x00000000c2a80000, 0x00000000eaa80000)
  object space 43520K, 55% used [0x00000000c0000000,0x00000000c17acdd0,0x00000000c2a80000)
 PSPermGen       total 21504K, used 14577K [0x00000000bae00000, 0x00000000bc300000, 0x00000000c0000000)
  object space 21504K, 67% used [0x00000000bae00000,0x00000000bbc3c568,0x00000000bc300000)
Event: 5.626 GC heap after
Heap after GC invocations=5 (full 1):
 PSYoungGen      total 36352K, used 0K [0x00000000eaa80000, 0x00000000ed080000, 0x0000000100000000)
  eden space 33792K, 0% used [0x00000000eaa80000,0x00000000eaa80000,0x00000000ecb80000)
  from space 2560K, 0% used [0x00000000ece00000,0x00000000ece00000,0x00000000ed080000)
  to   space 2560K, 0% used [0x00000000ecb80000,0x00000000ecb80000,0x00000000ece00000)
 ParOldGen       total 43520K, used 18630K [0x00000000c0000000, 0x00000000c2a80000, 0x00000000eaa80000)
  object space 43520K, 42% used [0x00000000c0000000,0x00000000c1231930,0x00000000c2a80000)
 PSPermGen       total 29184K, used 14573K [0x00000000bae00000, 0x00000000bca80000, 0x00000000c0000000)
  object space 29184K, 49% used [0x00000000bae00000,0x00000000bbc3b740,0x00000000bca80000)
}

Deoptimization events (10 events):
Event: 2.636 Thread 0x000000000a497000 Uncommon trap: reason=predicate action=maybe_recompile pc=0x0000000002535f10 method=java.util.Arrays.fill([Ljava/lang/Object;Ljava/lang/Object;)V @ 10
Event: 2.987 Thread 0x000000000a497000 Uncommon trap: reason=array_check action=maybe_recompile pc=0x0000000002548574 method=java.util.Arrays.fill([Ljava/lang/Object;Ljava/lang/Object;)V @ 13
Event: 2.994 Thread 0x000000000a497000 Uncommon trap: reason=array_check action=maybe_recompile pc=0x0000000002548574 method=java.util.Arrays.fill([Ljava/lang/Object;Ljava/lang/Object;)V @ 13
Event: 2.995 Thread 0x000000000a497000 Uncommon trap: reason=array_check action=maybe_recompile pc=0x0000000002548574 method=java.util.Arrays.fill([Ljava/lang/Object;Ljava/lang/Object;)V @ 13
Event: 2.998 Thread 0x000000000a497000 Uncommon trap: reason=array_check action=maybe_recompile pc=0x0000000002548574 method=java.util.Arrays.fill([Ljava/lang/Object;Ljava/lang/Object;)V @ 13
Event: 3.757 Thread 0x000000000a497000 Uncommon trap: reason=unreached action=reinterpret pc=0x00000000025680a8 method=sun.font.FileFontStrike.getCachedGlyphPtr(I)J @ 99
Event: 4.971 Thread 0x000000000a497000 Uncommon trap: reason=class_check action=maybe_recompile pc=0x000000000257cbdc method=sun.java2d.pipe.BufferedContext.validate(Lsun/java2d/pipe/hw/AccelSurface;Lsun/java2d/pipe/hw/AccelSurface;Lsun/java2d/pipe/Region;Ljava/awt/Composite;Ljava/awt/geom/Affi–}ù6ºâ@
Event: 4.971 Thread 0x000000000a497000 Uncommon trap: reason=class_check action=maybe_recompile pc=0x000000000257cbdc method=sun.java2d.pipe.BufferedContext.validate(Lsun/java2d/pipe/hw/AccelSurface;Lsun/java2d/pipe/hw/AccelSurface;Lsun/java2d/pipe/Region;Ljava/awt/Composite;Ljava/awt/geom/Affixä"Ââ@
Event: 4.971 Thread 0x000000000a497000 Uncommon trap: reason=class_check action=maybe_recompile pc=0x000000000257cbdc method=sun.java2d.pipe.BufferedContext.validate(Lsun/java2d/pipe/hw/AccelSurface;Lsun/java2d/pipe/hw/AccelSurface;Lsun/java2d/pipe/Region;Ljava/awt/Composite;Ljava/awt/geom/AffišÔõ
Event: 4.971 Thread 0x000000000a497000 Uncommon trap: reason=class_check action=maybe_recompile pc=0x000000000257cbdc method=sun.java2d.pipe.BufferedContext.validate(Lsun/java2d/pipe/hw/AccelSurface;Lsun/java2d/pipe/hw/AccelSurface;Lsun/java2d/pipe/Region;Ljava/awt/Composite;Ljava/awt/geom/Affi

Internal exceptions (10 events):
Event: 3.446 Thread 0x000000000cc3d000 Threw 0x00000000eab98f48 at C:\re\jdk7u75\1940\hotspot\src\share\vm\prims\jvm.cpp:3002
Event: 3.446 Thread 0x000000000cc3d000 Threw 0x00000000eab98f48 at C:\re\jdk7u75\1940\hotspot\src\share\vm\prims\jni.cpp:717
Event: 3.446 Thread 0x000000000cc3d000 Threw 0x00000000eab990b8 at C:\re\jdk7u75\1940\hotspot\src\share\vm\prims\jvm.cpp:3002
Event: 3.446 Thread 0x000000000cc3d000 Threw 0x00000000eab990b8 at C:\re\jdk7u75\1940\hotspot\src\share\vm\prims\jni.cpp:717
Event: 3.757 Thread 0x000000000a497000 Implicit null exception at 0x0000000002567ce7 to 0x0000000002568065
Event: 4.939 Thread 0x000000000a497000 Threw 0x00000000ead70980 at C:\re\jdk7u75\1940\hotspot\src\share\vm\prims\jvm.cpp:1281
Event: 4.945 Thread 0x000000000a497000 Threw 0x00000000ead7c490 at C:\re\jdk7u75\1940\hotspot\src\share\vm\prims\jvm.cpp:1281
Event: 5.559 Thread 0x000000000c84f800 Threw 0x00000000eae14e40 at C:\re\jdk7u75\1940\hotspot\src\share\vm\prims\jvm.cpp:1281
Event: 5.561 Thread 0x000000000c84f800 Threw 0x00000000eae33e20 at C:\re\jdk7u75\1940\hotspot\src\share\vm\prims\jvm.cpp:1281
Event: 5.561 Thread 0x000000000c84f800 Threw 0x00000000eae36790 at C:\re\jdk7u75\1940\hotspot\src\share\vm\prims\jvm.cpp:1281

Events (10 events):
Event: 5.561 Thread 0x000000000c851000 Thread added: 0x000000000c851000
Event: 5.561 loading class 0x000000000c924420
Event: 5.561 loading class 0x000000000c924420 done
Event: 5.561 loading class 0x000000000c9246e0
Event: 5.561 loading class 0x000000000c9246e0 done
Event: 5.562 Thread 0x000000000c851800 Thread added: 0x000000000c851800
Event: 5.562 Thread 0x000000000c852800 Thread added: 0x000000000c852800
Event: 5.562 Thread 0x000000000c853000 Thread added: 0x000000000c853000
Event: 5.562 Executing VM operation: ParallelGCSystemGC
Event: 5.626 Executing VM operation: ParallelGCSystemGC done


Dynamic libraries:
0x000000013f990000 - 0x000000013f9c3000 	D:\Java\jdk1.7.0_75\jre\bin\java.exe
0x0000000077b80000 - 0x0000000077d29000 	C:\Windows\SYSTEM32\ntdll.dll
0x0000000077a60000 - 0x0000000077b7f000 	C:\Windows\system32\kernel32.dll
0x000007fefde10000 - 0x000007fefde7b000 	C:\Windows\system32\KERNELBASE.dll
0x000007feff2a0000 - 0x000007feff37b000 	C:\Windows\system32\ADVAPI32.dll
0x000007feff1d0000 - 0x000007feff26f000 	C:\Windows\system32\msvcrt.dll
0x000007fefdea0000 - 0x000007fefdebf000 	C:\Windows\SYSTEM32\sechost.dll
0x000007feff380000 - 0x000007feff4ad000 	C:\Windows\system32\RPCRT4.dll
0x0000000077960000 - 0x0000000077a5a000 	C:\Windows\system32\USER32.dll
0x000007feffad0000 - 0x000007feffb37000 	C:\Windows\system32\GDI32.dll
0x000007feffd50000 - 0x000007feffd5e000 	C:\Windows\system32\LPK.dll
0x000007fefe1a0000 - 0x000007fefe269000 	C:\Windows\system32\USP10.dll
0x000007fefc170000 - 0x000007fefc364000 	C:\Windows\WinSxS\amd64_microsoft.windows.common-controls_6595b64144ccf1df_6.0.7601.17514_none_fa396087175ac9ac\COMCTL32.dll
0x000007feffa40000 - 0x000007feffab1000 	C:\Windows\system32\SHLWAPI.dll
0x000007feff270000 - 0x000007feff29e000 	C:\Windows\system32\IMM32.DLL
0x000007feffb40000 - 0x000007feffc49000 	C:\Windows\system32\MSCTF.dll
0x0000000067620000 - 0x00000000676f2000 	D:\Java\jdk1.7.0_75\jre\bin\msvcr100.dll
0x0000000066740000 - 0x0000000066f14000 	D:\Java\jdk1.7.0_75\jre\bin\server\jvm.dll
0x000007feefc70000 - 0x000007feefc79000 	C:\Windows\system32\WSOCK32.dll
0x000007feff0a0000 - 0x000007feff0ed000 	C:\Windows\system32\WS2_32.dll
0x000007feffac0000 - 0x000007feffac8000 	C:\Windows\system32\NSI.dll
0x000007fefa770000 - 0x000007fefa7ab000 	C:\Windows\system32\WINMM.dll
0x0000000077d50000 - 0x0000000077d57000 	C:\Windows\system32\PSAPI.DLL
0x00000000756b0000 - 0x00000000756bf000 	D:\Java\jdk1.7.0_75\jre\bin\verify.dll
0x0000000074ff0000 - 0x0000000075018000 	D:\Java\jdk1.7.0_75\jre\bin\java.dll
0x000007fef3ba0000 - 0x000007fef3baf000 	D:\NetBeans 8.0\profiler\lib\deployed\jdk16\windows-amd64\profilerinterface.dll
0x0000000075690000 - 0x00000000756a5000 	D:\Java\jdk1.7.0_75\jre\bin\zip.dll
0x0000000075030000 - 0x0000000075049000 	D:\Java\jdk1.7.0_75\jre\bin\net.dll
0x000007fefd340000 - 0x000007fefd395000 	C:\Windows\system32\mswsock.dll
0x000007fefd330000 - 0x000007fefd337000 	C:\Windows\System32\wship6.dll
0x000000006e3e0000 - 0x000000006e3f1000 	D:\Java\jdk1.7.0_75\jre\bin\nio.dll
0x0000000075020000 - 0x000000007502b000 	D:\Java\jdk1.7.0_75\jre\bin\management.dll
0x000007fefd3a0000 - 0x000007fefd3b7000 	C:\Windows\system32\CRYPTSP.dll
0x000007fefd0a0000 - 0x000007fefd0e7000 	C:\Windows\system32\rsaenh.dll
0x000007fefce20000 - 0x000007fefce3e000 	C:\Windows\system32\USERENV.dll
0x000007fefdad0000 - 0x000007fefdadf000 	C:\Windows\system32\profapi.dll
0x000007fefda00000 - 0x000007fefda0f000 	C:\Windows\system32\CRYPTBASE.dll
0x000007fefbea0000 - 0x000007fefbec7000 	C:\Windows\system32\IPHLPAPI.DLL
0x000007fefbe90000 - 0x000007fefbe9b000 	C:\Windows\system32\WINNSI.DLL
0x000007fefb970000 - 0x000007fefb981000 	C:\Windows\system32\dhcpcsvc6.DLL
0x000007fefb950000 - 0x000007fefb968000 	C:\Windows\system32\dhcpcsvc.DLL
0x0000000067480000 - 0x0000000067615000 	D:\Java\jdk1.7.0_75\jre\bin\awt.dll
0x000007feff0f0000 - 0x000007feff1c7000 	C:\Windows\system32\OLEAUT32.dll
0x000007feff830000 - 0x000007feffa33000 	C:\Windows\system32\ole32.dll
0x000007fefbcd0000 - 0x000007fefbd26000 	C:\Windows\system32\uxtheme.dll
0x000007fefb540000 - 0x000007fefb558000 	C:\Windows\system32\dwmapi.dll
0x000007fefc5c0000 - 0x000007fefc5d5000 	C:\Windows\system32\NLAapi.dll
0x000007fef2fc0000 - 0x000007fef2fd5000 	C:\Windows\system32\napinsp.dll
0x000007fef2fa0000 - 0x000007fef2fb9000 	C:\Windows\system32\pnrpnsp.dll
0x0000000074510000 - 0x0000000074536000 	C:\Program Files\Bonjour\mdnsNSP.dll
0x000007fefd1c0000 - 0x000007fefd21b000 	C:\Windows\system32\DNSAPI.dll
0x000007fef2f90000 - 0x000007fef2f9b000 	C:\Windows\System32\winrnr.dll
0x000007fefcd00000 - 0x000007fefcd07000 	C:\Windows\System32\wshtcpip.dll
0x000007fefaa00000 - 0x000007fefaa08000 	C:\Windows\system32\rasadhlp.dll
0x000007fefba10000 - 0x000007fefba63000 	C:\Windows\System32\fwpuclnt.dll
0x000007fefaee0000 - 0x000007fefb0df000 	C:\Windows\system32\d3d9.dll
0x000007fefcc10000 - 0x000007fefcc1c000 	C:\Windows\system32\VERSION.dll
0x000007fefaed0000 - 0x000007fefaed7000 	C:\Windows\system32\d3d8thk.dll
0x000007fef9ee0000 - 0x000007fefa02c000 	C:\Windows\system32\aticfx64.dll
0x000007fee6c20000 - 0x000007fee6c41000 	C:\Windows\system32\atiu9p64.dll
0x000007fee6420000 - 0x000007fee6c16000 	C:\Windows\system32\atiumd64.dll
0x0000000069fd0000 - 0x000000006a7d8000 	C:\Windows\system32\atiumd6a.dll
0x000007fefcbe0000 - 0x000007fefcc0c000 	C:\Windows\system32\POWRPROF.dll
0x000007feff650000 - 0x000007feff827000 	C:\Windows\system32\SETUPAPI.dll
0x000007fefdcf0000 - 0x000007fefdd26000 	C:\Windows\system32\CFGMGR32.dll
0x000007fefde80000 - 0x000007fefde9a000 	C:\Windows\system32\DEVOBJ.dll
0x000007fefe270000 - 0x000007fefeff8000 	C:\Windows\system32\SHELL32.dll
0x0000000067970000 - 0x00000000679b7000 	D:\Java\jdk1.7.0_75\jre\bin\fontmanager.dll
0x0000000067920000 - 0x0000000067961000 	D:\Java\jdk1.7.0_75\jre\bin\t2k.dll
0x0000000180000000 - 0x0000000180053000 	E:\Tower Conquest\TowerConquest\native\windows\lwjgl64.dll
0x000007fede880000 - 0x000007fede99d000 	C:\Windows\system32\OPENGL32.dll
0x000007feee4f0000 - 0x000007feee51d000 	C:\Windows\system32\GLU32.dll
0x000007fee6ca0000 - 0x000007fee6d91000 	C:\Windows\system32\DDRAW.dll
0x000007fee6c90000 - 0x000007fee6c98000 	C:\Windows\system32\DCIMAN32.dll
0x000000000a040000 - 0x000000000a0a4000 	E:\Tower Conquest\TowerConquest\native\windows\OpenAL64.dll
0x000007feff000000 - 0x000007feff099000 	C:\Windows\system32\CLBCatQ.DLL
0x000007fefc890000 - 0x000007fefc8db000 	C:\Windows\System32\MMDevApi.dll
0x000007fefc760000 - 0x000007fefc88c000 	C:\Windows\System32\PROPSYS.dll
0x000007fef7c50000 - 0x000007fef7cd8000 	C:\Windows\system32\dsound.dll
0x000007fef6870000 - 0x000007fef68bf000 	C:\Windows\system32\AUDIOSES.DLL
0x000007fefb410000 - 0x000007fefb53a000 	C:\Windows\system32\WindowsCodecs.dll
0x000007fefd9a0000 - 0x000007fefd9f7000 	C:\Windows\system32\apphelp.dll
0x0000000009ca0000 - 0x0000000009cd2000 	C:\Windows\system32\CbFsMntNtf3.dll
0x000007fefcce0000 - 0x000007fefccf1000 	C:\Windows\system32\WTSAPI32.dll
0x000007fefa2b0000 - 0x000007fefa2e5000 	C:\Windows\system32\EhStorShell.dll
0x000007fefa230000 - 0x000007fefa2ae000 	C:\Windows\System32\cscui.dll
0x000007fefa760000 - 0x000007fefa76c000 	C:\Windows\System32\CSCDLL.dll
0x000007fefa0d0000 - 0x000007fefa0df000 	C:\Windows\system32\CSCAPI.dll
0x000007fefa050000 - 0x000007fefa0d0000 	C:\Windows\system32\ntshrui.dll
0x000007fefd640000 - 0x000007fefd663000 	C:\Windows\system32\srvcli.dll
0x000007fefc550000 - 0x000007fefc55b000 	C:\Windows\system32\slc.dll
0x000007fedeea0000 - 0x000007fedefc5000 	C:\Windows\system32\dbghelp.dll

VM Arguments:
jvm_args: -Dfile.encoding=UTF-8 -agentpath:D:/NetBeans 8.0/profiler/lib/deployed/jdk16/windows-amd64/profilerinterface.dll=D:\NetBeans 8.0\profiler\lib,5140,10 -XX:+HeapDumpOnOutOfMemoryError -XX:HeapDumpPath=E:\Tower Conquest\TowerConquest\nbproject\private\profiler 
java_command: blockfighter.client.Main 192.168.1.2
Launcher Type: SUN_STANDARD

Environment Variables:
CLASSPATH=.;
PATH=C:\ProgramData\Oracle\Java\javapath;C:\Program Files (x86)\NVIDIA Corporation\PhysX\Common;C:\Windows\system32;C:\Windows;C:\Windows\System32\Wbem;C:\Windows\System32\WindowsPowerShell\v1.0\;C:\Program Files (x86)\QuickTime\QTSystem\;C:\Windows\Microsoft.NET\Framework\v4.0.30319;C:\Program Files\Microsoft\Web Platform Installer\;C:\Program Files (x86)\Microsoft ASP.NET\ASP.NET Web Pages\v1.0\;C:\Program Files (x86)\ATI Technologies\ATI.ACE\Core-Static;D:\AMD\ATI.ACE\Core-Static;D:\AMD\AMD-Catalyst-Omega-14.12-With-DOTNet45-Win7-64bit\Bin64\AMD\ATI.ACE\Core-Static
USERNAME=Ken
OS=Windows_NT
PROCESSOR_IDENTIFIER=AMD64 Family 16 Model 10 Stepping 0, AuthenticAMD



---------------  S Y S T E M  ---------------

OS: Windows 7 , 64 bit Build 7601 Service Pack 1

CPU:total 6 (6 cores per cpu, 1 threads per core) family 16 model 10 stepping 0, cmov, cx8, fxsr, mmx, sse, sse2, sse3, popcnt, mmxext, 3dnowpref, lzcnt, sse4a, tsc, tscinvbit, tscinv

Memory: 4k page, physical 4193396k(998920k free), swap 7337276k(1683072k free)

vm_info: Java HotSpot(TM) 64-Bit Server VM (24.75-b04) for windows-amd64 JRE (1.7.0_75-b13), built on Dec 18 2014 17:15:01 by "java_re" with unknown MS VC++:1600

time: Sun Mar 01 17:12:05 2015
elapsed time: 5 seconds

